Using pre-set license
Built from '2020.3/staging' branch; Version is '2020.3.18f1 (a7d1c678663c) revision 10998214'; Using compiler version '192528614'; Build Type 'Release'
OS: 'Windows 10 Home; OS build 19044.1526; Version 2009; 64bit' Language: 'ko' Physical Memory: 16303 MB
BatchMode: 1, IsHumanControllingUs: 0, StartBugReporterOnCrash: 0, Is64bit: 1, IsPro: 0

COMMAND LINE ARGUMENTS:
C:\Program Files\2020.3.18f1\Editor\Unity.exe
-adb2
-batchMode
-noUpm
-name
AssetImportWorker0
-projectPath
C:/Users/82103/Documents/GitHub/jSimulator/JSim
-logFile
Logs/AssetImportWorker0.log
-srvPort
60978
Successfully changed project path to: C:/Users/82103/Documents/GitHub/jSimulator/JSim
C:/Users/82103/Documents/GitHub/jSimulator/JSim
Using Asset Import Pipeline V2.
Refreshing native plugins compatible for Editor in 32.66 ms, found 2 plugins.
Preloading 0 native plugins for Editor in 0.00 ms.
Initialize engine version: 2020.3.18f1 (a7d1c678663c)
[Subsystems] Discovering subsystems at path C:/Program Files/2020.3.18f1/Editor/Data/Resources/UnitySubsystems
[Subsystems] Discovering subsystems at path C:/Users/82103/Documents/GitHub/jSimulator/JSim/Assets
GfxDevice: creating device client; threaded=0
Direct3D:
    Version:  Direct3D 11.0 [level 11.1]
    Renderer: NVIDIA GeForce RTX 3060 Ti (ID=0x2486)
    Vendor:   
    VRAM:     8050 MB
    Driver:   27.21.14.6089
Initialize mono
Mono path[0] = 'C:/Program Files/2020.3.18f1/Editor/Data/Managed'
Mono path[1] = 'C:/Program Files/2020.3.18f1/Editor/Data/MonoBleedingEdge/lib/mono/unityjit'
Mono config path = 'C:/Program Files/2020.3.18f1/Editor/Data/MonoBleedingEdge/etc'
Using monoOptions --debugger-agent=transport=dt_socket,embedding=1,server=y,suspend=n,address=127.0.0.1:56916
Begin MonoManager ReloadAssembly
Registering precompiled unity dll's ...
Register platform support module: C:/Program Files/2020.3.18f1/Editor/Data/PlaybackEngines/WindowsStandaloneSupport/UnityEditor.WindowsStandalone.Extensions.dll
Registered in 0.002132 seconds.
Native extension for WindowsStandalone target not found
Refreshing native plugins compatible for Editor in 32.47 ms, found 2 plugins.
Preloading 0 native plugins for Editor in 0.00 ms.
Mono: successfully reloaded assembly
- Completed reload, in  1.002 seconds
Domain Reload Profiling:
	ReloadAssembly (1002ms)
		BeginReloadAssembly (55ms)
			ExecutionOrderSort (0ms)
			DisableScriptedObjects (0ms)
			BackupInstance (0ms)
			ReleaseScriptingObjects (0ms)
			CreateAndSetChildDomain (1ms)
		EndReloadAssembly (370ms)
			LoadAssemblies (53ms)
			RebuildTransferFunctionScriptingTraits (0ms)
			SetupTypeCache (133ms)
			ReleaseScriptCaches (0ms)
			RebuildScriptCaches (27ms)
			SetupLoadedEditorAssemblies (143ms)
				LogAssemblyErrors (0ms)
				InitializePlatformSupportModulesInManaged (4ms)
				SetLoadedEditorAssemblies (0ms)
				RefreshPlugins (33ms)
				BeforeProcessingInitializeOnLoad (15ms)
				ProcessInitializeOnLoadAttributes (68ms)
				ProcessInitializeOnLoadMethodAttributes (25ms)
				AfterProcessingInitializeOnLoad (0ms)
				EditorAssembliesLoaded (0ms)
			ExecutionOrderSort2 (0ms)
			AwakeInstancesAfterBackupRestoration (0ms)
Platform modules already initialized, skipping
Registering precompiled user dll's ...
Registered in 0.003220 seconds.
Begin MonoManager ReloadAssembly
Native extension for WindowsStandalone target not found
Refreshing native plugins compatible for Editor in 0.34 ms, found 2 plugins.
Preloading 0 native plugins for Editor in 0.00 ms.
Mono: successfully reloaded assembly
- Completed reload, in  0.893 seconds
Domain Reload Profiling:
	ReloadAssembly (894ms)
		BeginReloadAssembly (135ms)
			ExecutionOrderSort (0ms)
			DisableScriptedObjects (4ms)
			BackupInstance (0ms)
			ReleaseScriptingObjects (0ms)
			CreateAndSetChildDomain (15ms)
		EndReloadAssembly (703ms)
			LoadAssemblies (82ms)
			RebuildTransferFunctionScriptingTraits (0ms)
			SetupTypeCache (237ms)
			ReleaseScriptCaches (0ms)
			RebuildScriptCaches (37ms)
			SetupLoadedEditorAssemblies (266ms)
				LogAssemblyErrors (0ms)
				InitializePlatformSupportModulesInManaged (5ms)
				SetLoadedEditorAssemblies (0ms)
				RefreshPlugins (0ms)
				BeforeProcessingInitializeOnLoad (70ms)
				ProcessInitializeOnLoadAttributes (179ms)
				ProcessInitializeOnLoadMethodAttributes (5ms)
				AfterProcessingInitializeOnLoad (7ms)
				EditorAssembliesLoaded (0ms)
			ExecutionOrderSort2 (0ms)
			AwakeInstancesAfterBackupRestoration (6ms)
Platform modules already initialized, skipping
========================================================================
Worker process is ready to serve import requests
Launched and connected shader compiler UnityShaderCompiler.exe after 0.06 seconds
Refreshing native plugins compatible for Editor in 0.45 ms, found 2 plugins.
Preloading 0 native plugins for Editor in 0.00 ms.
Unloading 1523 Unused Serialized files (Serialized files now loaded: 0)
System memory in use before: 82.0 MB.
System memory in use after: 82.1 MB.

Unloading 16 unused Assets to reduce memory usage. Loaded Objects now: 1961.
Total: 2.760000 ms (FindLiveObjects: 0.187900 ms CreateObjectMapping: 0.054500 ms MarkObjects: 2.457600 ms  DeleteObjects: 0.059100 ms)

AssetImportParameters requested are different than current active one (requested -> active):
  custom:framework-win-MediaFoundation: 216162199b28c13a410421893ffa2e32 -> 
  custom:video-decoder-ogg-theora: a1e56fd34408186e4bbccfd4996cb3dc -> 
  custom:container-muxer-webm: aa71ff27fc2769a1b78a27578f13a17b -> 
  custom:container-demuxer-webm: 4f35f7cbe854078d1ac9338744f61a02 -> 
  custom:container-demuxer-ogg: 62fdf1f143b41e24485cea50d1cbac27 -> 
  custom:video-encoder-webm-vp8: eb34c28f22e8b96e1ab97ce403110664 -> 
  custom:video-decoder-webm-vp8: 9c59270c3fd7afecdb556c50c9e8de78 -> 
  custom:audio-decoder-ogg-vorbis: bf7c407c2cedff20999df2af8eb42d56 -> 
  custom:audio-encoder-webm-vorbis: bf7c407c2cedff20999df2af8eb42d56 -> 
========================================================================
Received Import Request.
  path: Assets/PBR Cone Pack/Materials/Cone_Dirt1.mat
  artifactKey: Guid(80ea6b6c0da8dc14b9ae71f37e29215e) Importer(815301076,1909f56bfc062723c751e8b465ee728b)
Start importing Assets/PBR Cone Pack/Materials/Cone_Dirt1.mat using Guid(80ea6b6c0da8dc14b9ae71f37e29215e) Importer(815301076,1909f56bfc062723c751e8b465ee728b)  -> (artifact id: '24b0d4fac773a123cc974c0114487623') in 0.310743 seconds 
  Import took 0.313149 seconds .

========================================================================
Received Import Request.
  Time since last request: 0.000206 seconds.
  path: Assets/PBR Cone Pack/CalibrationScene
  artifactKey: Guid(91f4ae37af266484b840917a3d204cc1) Importer(815301076,1909f56bfc062723c751e8b465ee728b)
Start importing Assets/PBR Cone Pack/CalibrationScene using Guid(91f4ae37af266484b840917a3d204cc1) Importer(815301076,1909f56bfc062723c751e8b465ee728b)  -> (artifact id: '0dbcb4cb76b6d268b69afa7ddbef7aab') in 0.005000 seconds 
  Import took 0.007269 seconds .

========================================================================
Received Import Request.
  Time since last request: 0.000155 seconds.
  path: Assets/PBR Cone Pack/Materials/Cone_Dirt2.mat
  artifactKey: Guid(e1d4a2ea97c8c5443a5e40ea730d8410) Importer(815301076,1909f56bfc062723c751e8b465ee728b)
Start importing Assets/PBR Cone Pack/Materials/Cone_Dirt2.mat using Guid(e1d4a2ea97c8c5443a5e40ea730d8410) Importer(815301076,1909f56bfc062723c751e8b465ee728b)  -> (artifact id: 'd30e9627a4c9a5b6dae7aa6529787ca0') in 0.015290 seconds 
  Import took 0.018079 seconds .

========================================================================
Received Import Request.
  Time since last request: 0.000150 seconds.
  path: Assets/PBR Cone Pack/Materials
  artifactKey: Guid(b290953dd35969041be4b00597c69c04) Importer(815301076,1909f56bfc062723c751e8b465ee728b)
Start importing Assets/PBR Cone Pack/Materials using Guid(b290953dd35969041be4b00597c69c04) Importer(815301076,1909f56bfc062723c751e8b465ee728b)  -> (artifact id: 'c5b03aa0dbab60f43b65f70e25cc5bc2') in 0.005034 seconds 
  Import took 0.007401 seconds .

========================================================================
Received Import Request.
  Time since last request: 0.000141 seconds.
  path: Assets/PBR Cone Pack/Materials/Cone_Clean1.mat
  artifactKey: Guid(84ed99a1be5ac2d4caa8ccfdd36fd459) Importer(815301076,1909f56bfc062723c751e8b465ee728b)
Start importing Assets/PBR Cone Pack/Materials/Cone_Clean1.mat using Guid(84ed99a1be5ac2d4caa8ccfdd36fd459) Importer(815301076,1909f56bfc062723c751e8b465ee728b)  -> (artifact id: '0a89888bc3daca2696630262867575d2') in 0.015331 seconds 
  Import took 0.017656 seconds .

========================================================================
Received Import Request.
  Time since last request: 0.000181 seconds.
  path: Assets/PBR Cone Pack/Materials/Cone_Clean2.mat
  artifactKey: Guid(4703da23139ae3740bcc5b7d81fbbd71) Importer(815301076,1909f56bfc062723c751e8b465ee728b)
Start importing Assets/PBR Cone Pack/Materials/Cone_Clean2.mat using Guid(4703da23139ae3740bcc5b7d81fbbd71) Importer(815301076,1909f56bfc062723c751e8b465ee728b)  -> (artifact id: 'ed0c9bf91af83cd965793d903a7b35fd') in 0.018279 seconds 
  Import took 0.020753 seconds .

========================================================================
Received Import Request.
  Time since last request: 5.158289 seconds.
  path: Assets/PBR Cone Pack/Models/Cone_Final.fbx
  artifactKey: Guid(3f3d2af6bc8f4444e979a34725a7eacb) Importer(815301076,1909f56bfc062723c751e8b465ee728b)
Start importing Assets/PBR Cone Pack/Models/Cone_Final.fbx using Guid(3f3d2af6bc8f4444e979a34725a7eacb) Importer(815301076,1909f56bfc062723c751e8b465ee728b)  -> (artifact id: '25791ad36aef462854e061a0bd340f11') in 0.105841 seconds 
  Import took 0.108383 seconds .

========================================================================
Received Import Request.
  Time since last request: 0.000262 seconds.
  path: Assets/PBR Cone Pack/Models/Cone_HP.fbx
  artifactKey: Guid(4a72891119f34454a8b05945e7935ef9) Importer(815301076,1909f56bfc062723c751e8b465ee728b)
Start importing Assets/PBR Cone Pack/Models/Cone_HP.fbx using Guid(4a72891119f34454a8b05945e7935ef9) Importer(815301076,1909f56bfc062723c751e8b465ee728b)  -> (artifact id: '83bb478f4f1070faa201e11b7f7fe090') in 0.019412 seconds 
  Import took 0.021727 seconds .

========================================================================
Received Import Request.
  Time since last request: 0.000146 seconds.
  path: Assets/PBR Cone Pack/Models/Cone_LP.fbx
  artifactKey: Guid(6e0bb56a6489498419892f93fa348f9a) Importer(815301076,1909f56bfc062723c751e8b465ee728b)
Start importing Assets/PBR Cone Pack/Models/Cone_LP.fbx using Guid(6e0bb56a6489498419892f93fa348f9a) Importer(815301076,1909f56bfc062723c751e8b465ee728b)  -> (artifact id: 'cdd14044bb305248d30d0233d625fe39') in 0.031127 seconds 
  Import took 0.033496 seconds .

========================================================================
Received Import Request.
  Time since last request: 0.000174 seconds.
  path: Assets/PBR Cone Pack/Models/Cone_SLP.fbx
  artifactKey: Guid(95554a69ebec7f442bda1e7b2abd3d39) Importer(815301076,1909f56bfc062723c751e8b465ee728b)
Start importing Assets/PBR Cone Pack/Models/Cone_SLP.fbx using Guid(95554a69ebec7f442bda1e7b2abd3d39) Importer(815301076,1909f56bfc062723c751e8b465ee728b)  -> (artifact id: '2c771e4f6f11aae11202eb41655a9174') in 0.026092 seconds 
  Import took 0.028303 seconds .

========================================================================
Received Import Request.
  Time since last request: 5.423461 seconds.
  path: Assets/PBR Cone Pack/Models/Materials
  artifactKey: Guid(38c037018cab61d45be754821d24216f) Importer(815301076,1909f56bfc062723c751e8b465ee728b)
Start importing Assets/PBR Cone Pack/Models/Materials using Guid(38c037018cab61d45be754821d24216f) Importer(815301076,1909f56bfc062723c751e8b465ee728b)  -> (artifact id: 'f6ff07acc3140cb69c046bb21e83b1e6') in 0.002053 seconds 
  Import took 0.004699 seconds .

========================================================================
Received Import Request.
  Time since last request: 0.065601 seconds.
  path: Assets/PBR Cone Pack/Models/Materials/No Name.mat
  artifactKey: Guid(6dc5a0228e5f71c4ab8d675748a3fe9d) Importer(815301076,1909f56bfc062723c751e8b465ee728b)
Start importing Assets/PBR Cone Pack/Models/Materials/No Name.mat using Guid(6dc5a0228e5f71c4ab8d675748a3fe9d) Importer(815301076,1909f56bfc062723c751e8b465ee728b)  -> (artifact id: 'e8d2a0f69e00cf55614cd54590db6d36') in 0.017892 seconds 
  Import took 0.020310 seconds .

========================================================================
Received Import Request.
  Time since last request: 5.732534 seconds.
  path: Assets/PBR Cone Pack/Textures/Clean 1/Cone_Clean1_Albedo.png
  artifactKey: Guid(2aeaf2d377dba764fb3084b3c9e30e62) Importer(815301076,1909f56bfc062723c751e8b465ee728b)
Start importing Assets/PBR Cone Pack/Textures/Clean 1/Cone_Clean1_Albedo.png using Guid(2aeaf2d377dba764fb3084b3c9e30e62) Importer(815301076,1909f56bfc062723c751e8b465ee728b)  -> (artifact id: '0ac9364de580e225ca78b55ace026139') in 0.025917 seconds 
  Import took 0.028297 seconds .

========================================================================
Received Import Request.
  Time since last request: 0.000174 seconds.
  path: Assets/PBR Cone Pack/Textures/Clean 1/Cone_Clean1_N.png
  artifactKey: Guid(8a3474bc4aa52034e87e37cd1ca3add4) Importer(815301076,1909f56bfc062723c751e8b465ee728b)
Start importing Assets/PBR Cone Pack/Textures/Clean 1/Cone_Clean1_N.png using Guid(8a3474bc4aa52034e87e37cd1ca3add4) Importer(815301076,1909f56bfc062723c751e8b465ee728b)  -> (artifact id: '9acb4fa9e0060d1885faf0a2203bb1fc') in 0.022400 seconds 
  Import took 0.024598 seconds .

========================================================================
Received Import Request.
  Time since last request: 0.000133 seconds.
  path: Assets/PBR Cone Pack/Textures/Clean 1/Cone_Clean1_MS.tif
  artifactKey: Guid(0d8a347a6bb0e9047b7c1e4ce2f5c9b9) Importer(815301076,1909f56bfc062723c751e8b465ee728b)
Start importing Assets/PBR Cone Pack/Textures/Clean 1/Cone_Clean1_MS.tif using Guid(0d8a347a6bb0e9047b7c1e4ce2f5c9b9) Importer(815301076,1909f56bfc062723c751e8b465ee728b)  -> (artifact id: 'a3a96b394bc26ebf39532880c2543790') in 0.023109 seconds 
  Import took 0.025314 seconds .

========================================================================
Received Import Request.
  Time since last request: 0.451049 seconds.
  path: Assets/PBR Cone Pack/Textures/Clean 2/Cone_Clean2_Albedo.png
  artifactKey: Guid(cc36e9c24df09ed47aae52c45238bbd5) Importer(815301076,1909f56bfc062723c751e8b465ee728b)
Start importing Assets/PBR Cone Pack/Textures/Clean 2/Cone_Clean2_Albedo.png using Guid(cc36e9c24df09ed47aae52c45238bbd5) Importer(815301076,1909f56bfc062723c751e8b465ee728b)  -> (artifact id: '3a49f95609d2e4b7db2820b95c2f13c9') in 0.009661 seconds 
  Import took 0.012089 seconds .

========================================================================
Received Import Request.
  Time since last request: 0.000218 seconds.
  path: Assets/PBR Cone Pack/Textures/Clean 2/Cone_Clean2_N.png
  artifactKey: Guid(a04b3ee46273dc74490f3857dafbf28f) Importer(815301076,1909f56bfc062723c751e8b465ee728b)
Start importing Assets/PBR Cone Pack/Textures/Clean 2/Cone_Clean2_N.png using Guid(a04b3ee46273dc74490f3857dafbf28f) Importer(815301076,1909f56bfc062723c751e8b465ee728b)  -> (artifact id: '09e98a0d2b99fc314ff9858ea555b426') in 0.011346 seconds 
  Import took 0.013629 seconds .

========================================================================
Received Import Request.
  Time since last request: 0.000151 seconds.
  path: Assets/PBR Cone Pack/Textures/Clean 2/Cone_Clean2_MS.tif
  artifactKey: Guid(1556136af6f6b0348b0a52a496362d7e) Importer(815301076,1909f56bfc062723c751e8b465ee728b)
Start importing Assets/PBR Cone Pack/Textures/Clean 2/Cone_Clean2_MS.tif using Guid(1556136af6f6b0348b0a52a496362d7e) Importer(815301076,1909f56bfc062723c751e8b465ee728b)  -> (artifact id: 'e1500175902877fa509a031251dfc15f') in 0.013276 seconds 
  Import took 0.015693 seconds .

========================================================================
Received Import Request.
  Time since last request: 0.008181 seconds.
  path: Assets/PBR Cone Pack/Textures/Clean 2/Cone_Clean2_MS.tif
  artifactKey: Guid(1556136af6f6b0348b0a52a496362d7e) Importer(815301076,1909f56bfc062723c751e8b465ee728b)
Start importing Assets/PBR Cone Pack/Textures/Clean 2/Cone_Clean2_MS.tif using Guid(1556136af6f6b0348b0a52a496362d7e) Importer(815301076,1909f56bfc062723c751e8b465ee728b)  -> (artifact id: 'e1500175902877fa509a031251dfc15f') in 0.016603 seconds 
  Import took 0.019096 seconds .

========================================================================
Received Import Request.
  Time since last request: 0.354029 seconds.
  path: Assets/PBR Cone Pack/Textures/Dirt 1/Cone_Dirt1_Albedo.png
  artifactKey: Guid(964c676f7175baf49bf7ed002c2aaf0f) Importer(815301076,1909f56bfc062723c751e8b465ee728b)
Start importing Assets/PBR Cone Pack/Textures/Dirt 1/Cone_Dirt1_Albedo.png using Guid(964c676f7175baf49bf7ed002c2aaf0f) Importer(815301076,1909f56bfc062723c751e8b465ee728b)  -> (artifact id: '5b6015736681cc4715f85b1f53b3b56d') in 0.008955 seconds 
  Import took 0.011401 seconds .

========================================================================
Received Import Request.
  Time since last request: 0.000219 seconds.
  path: Assets/PBR Cone Pack/Textures/Dirt 1/Cone_Dirt1_N.png
  artifactKey: Guid(c75909a1110ede04c862e508446b3fe1) Importer(815301076,1909f56bfc062723c751e8b465ee728b)
Start importing Assets/PBR Cone Pack/Textures/Dirt 1/Cone_Dirt1_N.png using Guid(c75909a1110ede04c862e508446b3fe1) Importer(815301076,1909f56bfc062723c751e8b465ee728b)  -> (artifact id: 'a59c3be8dddf02f5c7a20f6e68902aaf') in 0.009631 seconds 
  Import took 0.011901 seconds .

========================================================================
Received Import Request.
  Time since last request: 0.000171 seconds.
  path: Assets/PBR Cone Pack/Textures/Dirt 1/Cone_Dirt1_MS.tif
  artifactKey: Guid(9f04c0af79e1c7743947506ba4602b3e) Importer(815301076,1909f56bfc062723c751e8b465ee728b)
Start importing Assets/PBR Cone Pack/Textures/Dirt 1/Cone_Dirt1_MS.tif using Guid(9f04c0af79e1c7743947506ba4602b3e) Importer(815301076,1909f56bfc062723c751e8b465ee728b)  -> (artifact id: '1215d93fd89ec2ac02b35f1986a94c72') in 0.011001 seconds 
  Import took 0.013350 seconds .

========================================================================
Received Import Request.
  Time since last request: 0.496749 seconds.
  path: Assets/PBR Cone Pack/Textures/Dirt 2/Cone_Dirt2_Albedo.png
  artifactKey: Guid(859f3439d50bf6b4283fa6773c87fe40) Importer(815301076,1909f56bfc062723c751e8b465ee728b)
Start importing Assets/PBR Cone Pack/Textures/Dirt 2/Cone_Dirt2_Albedo.png using Guid(859f3439d50bf6b4283fa6773c87fe40) Importer(815301076,1909f56bfc062723c751e8b465ee728b)  -> (artifact id: '0cd07b80acd7d57957ae9ca86155081a') in 0.008855 seconds 
  Import took 0.011333 seconds .

========================================================================
Received Import Request.
  Time since last request: 0.000232 seconds.
  path: Assets/PBR Cone Pack/Textures/Dirt 2/Cone_Dirt2_MS.tif
  artifactKey: Guid(8b081d30d40163b45bc244341af1f88d) Importer(815301076,1909f56bfc062723c751e8b465ee728b)
Start importing Assets/PBR Cone Pack/Textures/Dirt 2/Cone_Dirt2_MS.tif using Guid(8b081d30d40163b45bc244341af1f88d) Importer(815301076,1909f56bfc062723c751e8b465ee728b)  -> (artifact id: '3f0cde43c122956b1fc6d8e8d758cbae') in 0.009512 seconds 
  Import took 0.011902 seconds .

========================================================================
Received Import Request.
  Time since last request: 0.000164 seconds.
  path: Assets/PBR Cone Pack/Textures/Dirt 2/Cone_Dirt2_N.png
  artifactKey: Guid(fe5b23440935bb646a729607be4a5300) Importer(815301076,1909f56bfc062723c751e8b465ee728b)
Start importing Assets/PBR Cone Pack/Textures/Dirt 2/Cone_Dirt2_N.png using Guid(fe5b23440935bb646a729607be4a5300) Importer(815301076,1909f56bfc062723c751e8b465ee728b)  -> (artifact id: '684e4463467f8c63e5a8c1621bc2a20f') in 0.011066 seconds 
  Import took 0.013610 seconds .

========================================================================
Received Import Request.
  Time since last request: 0.000185 seconds.
  path: Assets/PBR Cone Pack/Textures/Dirt 2/Cone_Dirt2_MS.tif
  artifactKey: Guid(8b081d30d40163b45bc244341af1f88d) Importer(815301076,1909f56bfc062723c751e8b465ee728b)
Start importing Assets/PBR Cone Pack/Textures/Dirt 2/Cone_Dirt2_MS.tif using Guid(8b081d30d40163b45bc244341af1f88d) Importer(815301076,1909f56bfc062723c751e8b465ee728b)  -> (artifact id: '3f0cde43c122956b1fc6d8e8d758cbae') in 0.007620 seconds 
  Import took 0.010089 seconds .

========================================================================
Received Import Request.
  Time since last request: 0.000194 seconds.
  path: Assets/PBR Cone Pack/Textures/Dirt 2/Cone_Dirt2_N.png
  artifactKey: Guid(fe5b23440935bb646a729607be4a5300) Importer(815301076,1909f56bfc062723c751e8b465ee728b)
Start importing Assets/PBR Cone Pack/Textures/Dirt 2/Cone_Dirt2_N.png using Guid(fe5b23440935bb646a729607be4a5300) Importer(815301076,1909f56bfc062723c751e8b465ee728b)  -> (artifact id: '684e4463467f8c63e5a8c1621bc2a20f') in 0.010532 seconds 
  Import took 0.013035 seconds .

========================================================================
Received Import Request.
  Time since last request: 2.782172 seconds.
  path: Assets/PBR Cone Pack/CalibrationScene/CalibrationScene.unity
  artifactKey: Guid(c4c632232b6840448bbc14012cb82165) Importer(815301076,1909f56bfc062723c751e8b465ee728b)
Start importing Assets/PBR Cone Pack/CalibrationScene/CalibrationScene.unity using Guid(c4c632232b6840448bbc14012cb82165) Importer(815301076,1909f56bfc062723c751e8b465ee728b)  -> (artifact id: 'a6784e4e7534afb6b31fdd5362716f57') in 0.005725 seconds 
  Import took 0.008085 seconds .

========================================================================
Received Import Request.
  Time since last request: 53.260386 seconds.
  path: Assets/Scenes/New Scene.unity
  artifactKey: Guid(514533a607170f647b6c99f8bd45cbb5) Importer(815301076,1909f56bfc062723c751e8b465ee728b)
Start importing Assets/Scenes/New Scene.unity using Guid(514533a607170f647b6c99f8bd45cbb5) Importer(815301076,1909f56bfc062723c751e8b465ee728b)  -> (artifact id: '5e8a68d02f676914f075291ac95c79eb') in 0.005708 seconds 
  Import took 0.008071 seconds .

========================================================================
Received Import Request.
  Time since last request: 19.679038 seconds.
  path: Assets/obstacle1.prefab
  artifactKey: Guid(9f510f85373f67f449ed078b8bf2f329) Importer(815301076,1909f56bfc062723c751e8b465ee728b)
Start importing Assets/obstacle1.prefab using Guid(9f510f85373f67f449ed078b8bf2f329) Importer(815301076,1909f56bfc062723c751e8b465ee728b)  -> (artifact id: '3528657ea38480cf4288ab8b5fcf9700') in 0.031501 seconds 
  Import took 0.034065 seconds .

========================================================================
Received Import Request.
  Time since last request: 10.827061 seconds.
  path: Assets/obstacle1.prefab
  artifactKey: Guid(9f510f85373f67f449ed078b8bf2f329) Importer(815301076,1909f56bfc062723c751e8b465ee728b)
Start importing Assets/obstacle1.prefab using Guid(9f510f85373f67f449ed078b8bf2f329) Importer(815301076,1909f56bfc062723c751e8b465ee728b)  -> (artifact id: '97b15c5dbcc3e388230d9935ce9c820f') in 0.010853 seconds 
  Import took 0.013391 seconds .

========================================================================
Received Import Request.
  Time since last request: 6.834626 seconds.
  path: Assets/obstacle1.prefab
  artifactKey: Guid(9f510f85373f67f449ed078b8bf2f329) Importer(815301076,1909f56bfc062723c751e8b465ee728b)
Start importing Assets/obstacle1.prefab using Guid(9f510f85373f67f449ed078b8bf2f329) Importer(815301076,1909f56bfc062723c751e8b465ee728b)  -> (artifact id: '0e8d54c4d81de6390dde1f719f2fdb0e') in 0.019891 seconds 
  Import took 0.022471 seconds .

========================================================================
Received Import Request.
  Time since last request: 2.615069 seconds.
  path: Assets/obstacle1.prefab
  artifactKey: Guid(9f510f85373f67f449ed078b8bf2f329) Importer(815301076,1909f56bfc062723c751e8b465ee728b)
Start importing Assets/obstacle1.prefab using Guid(9f510f85373f67f449ed078b8bf2f329) Importer(815301076,1909f56bfc062723c751e8b465ee728b)  -> (artifact id: '51738ef9c39571c982a611a345cc0b65') in 0.015578 seconds 
  Import took 0.018209 seconds .

========================================================================
Received Import Request.
  Time since last request: 9.654463 seconds.
  path: Assets/obstacle1.prefab
  artifactKey: Guid(9f510f85373f67f449ed078b8bf2f329) Importer(815301076,1909f56bfc062723c751e8b465ee728b)
Start importing Assets/obstacle1.prefab using Guid(9f510f85373f67f449ed078b8bf2f329) Importer(815301076,1909f56bfc062723c751e8b465ee728b)  -> (artifact id: 'e775ca07b5bf85ebcf8e7ccf43e53cf2') in 0.009005 seconds 
  Import took 0.011677 seconds .

========================================================================
Received Import Request.
  Time since last request: 3.220205 seconds.
  path: Assets/obstacle1.prefab
  artifactKey: Guid(9f510f85373f67f449ed078b8bf2f329) Importer(815301076,1909f56bfc062723c751e8b465ee728b)
Start importing Assets/obstacle1.prefab using Guid(9f510f85373f67f449ed078b8bf2f329) Importer(815301076,1909f56bfc062723c751e8b465ee728b)  -> (artifact id: '2262aefc835f574426fb2c242d89af4c') in 0.012075 seconds 
  Import took 0.014738 seconds .

========================================================================
Received Import Request.
  Time since last request: 1.601446 seconds.
  path: Assets/obstacle1.prefab
  artifactKey: Guid(9f510f85373f67f449ed078b8bf2f329) Importer(815301076,1909f56bfc062723c751e8b465ee728b)
Start importing Assets/obstacle1.prefab using Guid(9f510f85373f67f449ed078b8bf2f329) Importer(815301076,1909f56bfc062723c751e8b465ee728b)  -> (artifact id: '6c2c3df0322ab6c07382e50439ad8fad') in 0.013051 seconds 
  Import took 0.015551 seconds .

========================================================================
Received Import Request.
  Time since last request: 4.008921 seconds.
  path: Assets/obstacle1.prefab
  artifactKey: Guid(9f510f85373f67f449ed078b8bf2f329) Importer(815301076,1909f56bfc062723c751e8b465ee728b)
Start importing Assets/obstacle1.prefab using Guid(9f510f85373f67f449ed078b8bf2f329) Importer(815301076,1909f56bfc062723c751e8b465ee728b)  -> (artifact id: 'e3aa5b1114f4a670d314208efa77ea08') in 0.014574 seconds 
  Import took 0.017211 seconds .

========================================================================
Received Import Request.
  Time since last request: 6.026761 seconds.
  path: Assets/obstacle1.prefab
  artifactKey: Guid(9f510f85373f67f449ed078b8bf2f329) Importer(815301076,1909f56bfc062723c751e8b465ee728b)
Start importing Assets/obstacle1.prefab using Guid(9f510f85373f67f449ed078b8bf2f329) Importer(815301076,1909f56bfc062723c751e8b465ee728b)  -> (artifact id: 'da20a30f2f4729953e105eabdfb1236b') in 0.015290 seconds 
  Import took 0.017844 seconds .

========================================================================
Received Import Request.
  Time since last request: 1.189332 seconds.
  path: Assets/obstacle1.prefab
  artifactKey: Guid(9f510f85373f67f449ed078b8bf2f329) Importer(815301076,1909f56bfc062723c751e8b465ee728b)
Start importing Assets/obstacle1.prefab using Guid(9f510f85373f67f449ed078b8bf2f329) Importer(815301076,1909f56bfc062723c751e8b465ee728b)  -> (artifact id: '851524d0fae579cd45eb9dda65110a93') in 0.019032 seconds 
  Import took 0.021730 seconds .

========================================================================
Received Import Request.
  Time since last request: 1.189980 seconds.
  path: Assets/obstacle1.prefab
  artifactKey: Guid(9f510f85373f67f449ed078b8bf2f329) Importer(815301076,1909f56bfc062723c751e8b465ee728b)
Start importing Assets/obstacle1.prefab using Guid(9f510f85373f67f449ed078b8bf2f329) Importer(815301076,1909f56bfc062723c751e8b465ee728b)  -> (artifact id: 'bbb533bbe51994c26bb1a1c50975cd72') in 0.016730 seconds 
  Import took 0.019776 seconds .

========================================================================
Received Import Request.
  Time since last request: 4.199180 seconds.
  path: Assets/obstacle1.prefab
  artifactKey: Guid(9f510f85373f67f449ed078b8bf2f329) Importer(815301076,1909f56bfc062723c751e8b465ee728b)
Start importing Assets/obstacle1.prefab using Guid(9f510f85373f67f449ed078b8bf2f329) Importer(815301076,1909f56bfc062723c751e8b465ee728b)  -> (artifact id: '8f472a7ffbf7ea3e3e724e241d31edf9') in 0.013188 seconds 
  Import took 0.015732 seconds .

========================================================================
Received Import Request.
  Time since last request: 9.036495 seconds.
  path: Assets/obstacle1.prefab
  artifactKey: Guid(9f510f85373f67f449ed078b8bf2f329) Importer(815301076,1909f56bfc062723c751e8b465ee728b)
Start importing Assets/obstacle1.prefab using Guid(9f510f85373f67f449ed078b8bf2f329) Importer(815301076,1909f56bfc062723c751e8b465ee728b)  -> (artifact id: '1bf0adb3e64e3784ccf9ef144f705bbd') in 0.011597 seconds 
  Import took 0.014179 seconds .

========================================================================
Received Import Request.
  Time since last request: 2.209964 seconds.
  path: Assets/obstacle1.prefab
  artifactKey: Guid(9f510f85373f67f449ed078b8bf2f329) Importer(815301076,1909f56bfc062723c751e8b465ee728b)
Start importing Assets/obstacle1.prefab using Guid(9f510f85373f67f449ed078b8bf2f329) Importer(815301076,1909f56bfc062723c751e8b465ee728b)  -> (artifact id: '1b94983774b21919556af03c9863f592') in 0.010162 seconds 
  Import took 0.012732 seconds .

========================================================================
Received Import Request.
  Time since last request: 1.197042 seconds.
  path: Assets/obstacle1.prefab
  artifactKey: Guid(9f510f85373f67f449ed078b8bf2f329) Importer(815301076,1909f56bfc062723c751e8b465ee728b)
Start importing Assets/obstacle1.prefab using Guid(9f510f85373f67f449ed078b8bf2f329) Importer(815301076,1909f56bfc062723c751e8b465ee728b)  -> (artifact id: 'f96f0093248c18e0b7abc3aa989c3d21') in 0.012505 seconds 
  Import took 0.015042 seconds .

========================================================================
Received Import Request.
  Time since last request: 4.412418 seconds.
  path: Assets/obstacle1.prefab
  artifactKey: Guid(9f510f85373f67f449ed078b8bf2f329) Importer(815301076,1909f56bfc062723c751e8b465ee728b)
Start importing Assets/obstacle1.prefab using Guid(9f510f85373f67f449ed078b8bf2f329) Importer(815301076,1909f56bfc062723c751e8b465ee728b)  -> (artifact id: '1322b3f5f1aed4b829e20a6bb0da6e9d') in 0.011636 seconds 
  Import took 0.014193 seconds .

========================================================================
Received Import Request.
  Time since last request: 2.605838 seconds.
  path: Assets/obstacle1.prefab
  artifactKey: Guid(9f510f85373f67f449ed078b8bf2f329) Importer(815301076,1909f56bfc062723c751e8b465ee728b)
Start importing Assets/obstacle1.prefab using Guid(9f510f85373f67f449ed078b8bf2f329) Importer(815301076,1909f56bfc062723c751e8b465ee728b)  -> (artifact id: '0ab6e4694c9bf4ed7e7f266f2c363904') in 0.014810 seconds 
  Import took 0.017373 seconds .

========================================================================
Received Import Request.
  Time since last request: 5.628874 seconds.
  path: Assets/obstacle1.prefab
  artifactKey: Guid(9f510f85373f67f449ed078b8bf2f329) Importer(815301076,1909f56bfc062723c751e8b465ee728b)
Start importing Assets/obstacle1.prefab using Guid(9f510f85373f67f449ed078b8bf2f329) Importer(815301076,1909f56bfc062723c751e8b465ee728b)  -> (artifact id: '19f4c24e7da54d5a31b5dae67664aafa') in 0.011198 seconds 
  Import took 0.013853 seconds .

========================================================================
Received Import Request.
  Time since last request: 43.816342 seconds.
  path: Assets/PBR Cone Pack/CalibrationScene/CalibrationSceneSettings.lighting
  artifactKey: Guid(e5d18a2fa7ff57144bf0b2ce8b2d89c9) Importer(815301076,1909f56bfc062723c751e8b465ee728b)
Start importing Assets/PBR Cone Pack/CalibrationScene/CalibrationSceneSettings.lighting using Guid(e5d18a2fa7ff57144bf0b2ce8b2d89c9) Importer(815301076,1909f56bfc062723c751e8b465ee728b) LightingSettings: switching bake backend from 1 to 0.
 -> (artifact id: '583766dbd7fa1082f85f5f0d1a103253') in 0.009201 seconds 
  Import took 0.012097 seconds .

========================================================================
Received Import Request.
  Time since last request: 1.335500 seconds.
  path: Assets/PBR Cone Pack/CalibrationScene/CalibrationScene.unity
  artifactKey: Guid(c4c632232b6840448bbc14012cb82165) Importer(815301076,1909f56bfc062723c751e8b465ee728b)
Start importing Assets/PBR Cone Pack/CalibrationScene/CalibrationScene.unity using Guid(c4c632232b6840448bbc14012cb82165) Importer(815301076,1909f56bfc062723c751e8b465ee728b)  -> (artifact id: 'e8d5ae5360a7c3ac96cc84c053c779f2') in 0.002260 seconds 
  Import took 0.004824 seconds .

========================================================================
Received Import Request.
  Time since last request: 20.360931 seconds.
  path: Assets/PBR Cone Pack/CalibrationScene/ImageEffects
  artifactKey: Guid(0d6ddd252915e0644ace6732c35612a9) Importer(815301076,1909f56bfc062723c751e8b465ee728b)
Start importing Assets/PBR Cone Pack/CalibrationScene/ImageEffects using Guid(0d6ddd252915e0644ace6732c35612a9) Importer(815301076,1909f56bfc062723c751e8b465ee728b)  -> (artifact id: '22dceb46f9a295b743db68cee93cd3ae') in 0.006191 seconds 
  Import took 0.008740 seconds .

========================================================================
Received Import Request.
  Time since last request: 0.523358 seconds.
  path: Assets/PBR Cone Pack/CalibrationScene/Skyboxes
  artifactKey: Guid(2f56cb5c0df894f439ec968fbb22284c) Importer(815301076,1909f56bfc062723c751e8b465ee728b)
Start importing Assets/PBR Cone Pack/CalibrationScene/Skyboxes using Guid(2f56cb5c0df894f439ec968fbb22284c) Importer(815301076,1909f56bfc062723c751e8b465ee728b)  -> (artifact id: '7203f793d5955b0330bdccc1ffecdcbe') in 0.004775 seconds 
  Import took 0.007174 seconds .

========================================================================
Received Import Request.
  Time since last request: 0.568250 seconds.
  path: Assets/PBR Cone Pack/CalibrationScene/Skyboxes/EveningReflection.hdr
  artifactKey: Guid(a7bed68887a07e34394d4191b3081359) Importer(815301076,1909f56bfc062723c751e8b465ee728b)
Start importing Assets/PBR Cone Pack/CalibrationScene/Skyboxes/EveningReflection.hdr using Guid(a7bed68887a07e34394d4191b3081359) Importer(815301076,1909f56bfc062723c751e8b465ee728b)  -> (artifact id: 'aa4c607156a630c5f3e78f30cd44c086') in 0.034937 seconds 
  Import took 0.037446 seconds .

========================================================================
Received Import Request.
  Time since last request: 0.000139 seconds.
  path: Assets/PBR Cone Pack/CalibrationScene/Skyboxes/StudioSkyboxProcedural.mat
  artifactKey: Guid(44fa09b55089e0e4583aa20e742c8514) Importer(815301076,1909f56bfc062723c751e8b465ee728b)
Start importing Assets/PBR Cone Pack/CalibrationScene/Skyboxes/StudioSkyboxProcedural.mat using Guid(44fa09b55089e0e4583aa20e742c8514) Importer(815301076,1909f56bfc062723c751e8b465ee728b)  -> (artifact id: '3632af0bd9c6318a824e241a7ac9bc00') in 0.016916 seconds 
  Import took 0.019219 seconds .

========================================================================
Received Import Request.
  Time since last request: 0.000256 seconds.
  path: Assets/PBR Cone Pack/CalibrationScene/Skyboxes/EveningSkyboxHDR.hdr
  artifactKey: Guid(9963f75b14527844e8e09e5e321fb053) Importer(815301076,1909f56bfc062723c751e8b465ee728b)
Start importing Assets/PBR Cone Pack/CalibrationScene/Skyboxes/EveningSkyboxHDR.hdr using Guid(9963f75b14527844e8e09e5e321fb053) Importer(815301076,1909f56bfc062723c751e8b465ee728b)  -> (artifact id: '9e4ce4efbbc9f32350c6d79df2c4f602') in 0.087448 seconds 
  Import took 0.096274 seconds .

========================================================================
Received Import Request.
  Time since last request: 0.000161 seconds.
  path: Assets/PBR Cone Pack/CalibrationScene/Skyboxes/EveningSkyboxHDR.mat
  artifactKey: Guid(768f4198d6dc194469b7d09c7e498619) Importer(815301076,1909f56bfc062723c751e8b465ee728b)
Start importing Assets/PBR Cone Pack/CalibrationScene/Skyboxes/EveningSkyboxHDR.mat using Guid(768f4198d6dc194469b7d09c7e498619) Importer(815301076,1909f56bfc062723c751e8b465ee728b)  -> (artifact id: '309785dd75840ca2f14be8dc9ba6bb41') in 0.087870 seconds 
  Import took 0.096844 seconds .

========================================================================
Received Import Request.
  Time since last request: 28.886868 seconds.
  path: Assets/PBR Cone Pack/CalibrationScene/ImageEffects/Textures/color correction ramp.png
  artifactKey: Guid(d440902fad11e807d00044888d76c639) Importer(815301076,1909f56bfc062723c751e8b465ee728b)
Start importing Assets/PBR Cone Pack/CalibrationScene/ImageEffects/Textures/color correction ramp.png using Guid(d440902fad11e807d00044888d76c639) Importer(815301076,1909f56bfc062723c751e8b465ee728b)  -> (artifact id: 'eb07ec4cf4da128b07524f4fc75aa5e8') in 0.015604 seconds 
  Import took 0.018105 seconds .

========================================================================
Received Import Request.
  Time since last request: 0.000167 seconds.
  path: Assets/PBR Cone Pack/CalibrationScene/ImageEffects/Textures/hexShape.psd
  artifactKey: Guid(a4cdca73d61814d33ac1587f6c163bca) Importer(815301076,1909f56bfc062723c751e8b465ee728b)
Start importing Assets/PBR Cone Pack/CalibrationScene/ImageEffects/Textures/hexShape.psd using Guid(a4cdca73d61814d33ac1587f6c163bca) Importer(815301076,1909f56bfc062723c751e8b465ee728b)  -> (artifact id: '9112d0a0213ef0870c20cff9de557b68') in 0.019478 seconds 
  Import took 0.021993 seconds .

========================================================================
Received Import Request.
  Time since last request: 0.000148 seconds.
  path: Assets/PBR Cone Pack/CalibrationScene/ImageEffects/Textures/NoiseEffectScratch.png
  artifactKey: Guid(6205c27cc031f4e66b8ea90d1bfaa158) Importer(815301076,1909f56bfc062723c751e8b465ee728b)
Start importing Assets/PBR Cone Pack/CalibrationScene/ImageEffects/Textures/NoiseEffectScratch.png using Guid(6205c27cc031f4e66b8ea90d1bfaa158) Importer(815301076,1909f56bfc062723c751e8b465ee728b)  -> (artifact id: 'a259ae59afe0e10fd1371517077b4d6f') in 0.009646 seconds 
  Import took 0.011881 seconds .

========================================================================
Received Import Request.
  Time since last request: 0.000178 seconds.
  path: Assets/PBR Cone Pack/CalibrationScene/ImageEffects/Textures/NoiseEffectGrain.png
  artifactKey: Guid(ffa9c02760c2b4e8eb9814ec06c4b05b) Importer(815301076,1909f56bfc062723c751e8b465ee728b)
Start importing Assets/PBR Cone Pack/CalibrationScene/ImageEffects/Textures/NoiseEffectGrain.png using Guid(ffa9c02760c2b4e8eb9814ec06c4b05b) Importer(815301076,1909f56bfc062723c751e8b465ee728b)  -> (artifact id: '05c95bd2dc6f4b6c68138068086060a7') in 0.014619 seconds 
  Import took 0.017209 seconds .

========================================================================
Received Import Request.
  Time since last request: 0.000158 seconds.
  path: Assets/PBR Cone Pack/CalibrationScene/ImageEffects/Textures/ContrastEnhanced3D16.png
  artifactKey: Guid(ecd9a2c463dcb476891e43d7c9f16ffa) Importer(815301076,1909f56bfc062723c751e8b465ee728b)
Start importing Assets/PBR Cone Pack/CalibrationScene/ImageEffects/Textures/ContrastEnhanced3D16.png using Guid(ecd9a2c463dcb476891e43d7c9f16ffa) Importer(815301076,1909f56bfc062723c751e8b465ee728b)  -> (artifact id: '59235f375a26683420c9928aece037bf') in 0.013626 seconds 
  Import took 0.015986 seconds .

========================================================================
Received Import Request.
  Time since last request: 0.000173 seconds.
  path: Assets/PBR Cone Pack/CalibrationScene/ImageEffects/Textures/sphereShape.psd
  artifactKey: Guid(fc00ec05a89da4ff695a4273715cd5ce) Importer(815301076,1909f56bfc062723c751e8b465ee728b)
Start importing Assets/PBR Cone Pack/CalibrationScene/ImageEffects/Textures/sphereShape.psd using Guid(fc00ec05a89da4ff695a4273715cd5ce) Importer(815301076,1909f56bfc062723c751e8b465ee728b)  -> (artifact id: '6f9a4ab3b8df14cbc22ce68313bb5298') in 0.014432 seconds 
  Import took 0.016856 seconds .

========================================================================
Received Import Request.
  Time since last request: 0.000178 seconds.
  path: Assets/PBR Cone Pack/CalibrationScene/ImageEffects/Textures/ContrastEnhanced3D16.png
  artifactKey: Guid(ecd9a2c463dcb476891e43d7c9f16ffa) Importer(815301076,1909f56bfc062723c751e8b465ee728b)
Start importing Assets/PBR Cone Pack/CalibrationScene/ImageEffects/Textures/ContrastEnhanced3D16.png using Guid(ecd9a2c463dcb476891e43d7c9f16ffa) Importer(815301076,1909f56bfc062723c751e8b465ee728b)  -> (artifact id: '59235f375a26683420c9928aece037bf') in 0.011727 seconds 
  Import took 0.014064 seconds .

========================================================================
Received Import Request.
  Time since last request: 0.000182 seconds.
  path: Assets/PBR Cone Pack/CalibrationScene/ImageEffects/Textures/VignetteMask.png
  artifactKey: Guid(95ef4804fe0be4c999ddaa383536cde8) Importer(815301076,1909f56bfc062723c751e8b465ee728b)
Start importing Assets/PBR Cone Pack/CalibrationScene/ImageEffects/Textures/VignetteMask.png using Guid(95ef4804fe0be4c999ddaa383536cde8) Importer(815301076,1909f56bfc062723c751e8b465ee728b)  -> (artifact id: '297319aa865726b5fad5a8f7f8b14922') in 0.017320 seconds 
  Import took 0.019669 seconds .

========================================================================
Received Import Request.
  Time since last request: 0.000179 seconds.
  path: Assets/PBR Cone Pack/CalibrationScene/ImageEffects/Textures/grayscale ramp.png
  artifactKey: Guid(e9a9781cad112c75d0008dfa8d76c639) Importer(815301076,1909f56bfc062723c751e8b465ee728b)
Start importing Assets/PBR Cone Pack/CalibrationScene/ImageEffects/Textures/grayscale ramp.png using Guid(e9a9781cad112c75d0008dfa8d76c639) Importer(815301076,1909f56bfc062723c751e8b465ee728b)  -> (artifact id: 'd56c9958b405ccddb7143900e11691c6') in 0.012183 seconds 
  Import took 0.014534 seconds .

========================================================================
Received Import Request.
  Time since last request: 0.000171 seconds.
  path: Assets/PBR Cone Pack/CalibrationScene/ImageEffects/Textures/RandomVectors.png
  artifactKey: Guid(a181ca8e3c62f3e4b8f183f6c586b032) Importer(815301076,1909f56bfc062723c751e8b465ee728b)
Start importing Assets/PBR Cone Pack/CalibrationScene/ImageEffects/Textures/RandomVectors.png using Guid(a181ca8e3c62f3e4b8f183f6c586b032) Importer(815301076,1909f56bfc062723c751e8b465ee728b)  -> (artifact id: '22b0934dfeeb7f2e79d5d1b2701c340b') in 0.014463 seconds 
  Import took 0.017347 seconds .

========================================================================
Received Import Request.
  Time since last request: 0.000158 seconds.
  path: Assets/PBR Cone Pack/CalibrationScene/ImageEffects/Textures/grayscale ramp.png
  artifactKey: Guid(e9a9781cad112c75d0008dfa8d76c639) Importer(815301076,1909f56bfc062723c751e8b465ee728b)
Start importing Assets/PBR Cone Pack/CalibrationScene/ImageEffects/Textures/grayscale ramp.png using Guid(e9a9781cad112c75d0008dfa8d76c639) Importer(815301076,1909f56bfc062723c751e8b465ee728b)  -> (artifact id: 'd56c9958b405ccddb7143900e11691c6') in 0.010923 seconds 
  Import took 0.013388 seconds .

========================================================================
Received Import Request.
  Time since last request: 0.000175 seconds.
  path: Assets/PBR Cone Pack/CalibrationScene/ImageEffects/Textures/Neutral3D16.png
  artifactKey: Guid(a4b474cd484494a4aaa4bbf928219d09) Importer(815301076,1909f56bfc062723c751e8b465ee728b)
Start importing Assets/PBR Cone Pack/CalibrationScene/ImageEffects/Textures/Neutral3D16.png using Guid(a4b474cd484494a4aaa4bbf928219d09) Importer(815301076,1909f56bfc062723c751e8b465ee728b)  -> (artifact id: '13125db226887097c51ddae7d65b2d95') in 0.016835 seconds 
  Import took 0.019242 seconds .

========================================================================
Received Import Request.
  Time since last request: 0.000154 seconds.
  path: Assets/PBR Cone Pack/CalibrationScene/ImageEffects/Textures/Noise.png
  artifactKey: Guid(e80c3c84ea861404d8a427db8b7abf04) Importer(815301076,1909f56bfc062723c751e8b465ee728b)
Start importing Assets/PBR Cone Pack/CalibrationScene/ImageEffects/Textures/Noise.png using Guid(e80c3c84ea861404d8a427db8b7abf04) Importer(815301076,1909f56bfc062723c751e8b465ee728b)  -> (artifact id: '4e76da6c261c2abc94fdfa5c83a91f48') in 0.016085 seconds 
  Import took 0.018438 seconds .

========================================================================
Received Import Request.
  Time since last request: 0.000176 seconds.
  path: Assets/PBR Cone Pack/CalibrationScene/ImageEffects/Textures/MotionBlurJitter.png
  artifactKey: Guid(31f5a8611c4ed1245b18456206e798dc) Importer(815301076,1909f56bfc062723c751e8b465ee728b)
Start importing Assets/PBR Cone Pack/CalibrationScene/ImageEffects/Textures/MotionBlurJitter.png using Guid(31f5a8611c4ed1245b18456206e798dc) Importer(815301076,1909f56bfc062723c751e8b465ee728b)  -> (artifact id: 'c65bff215674223561b539cbc628148c') in 0.010414 seconds 
  Import took 0.012787 seconds .

========================================================================
Received Import Request.
  Time since last request: 0.000158 seconds.
  path: Assets/PBR Cone Pack/CalibrationScene/ImageEffects/Textures/NoiseAndGrain.png
  artifactKey: Guid(7a632f967e8ad42f5bd275898151ab6a) Importer(815301076,1909f56bfc062723c751e8b465ee728b)
Start importing Assets/PBR Cone Pack/CalibrationScene/ImageEffects/Textures/NoiseAndGrain.png using Guid(7a632f967e8ad42f5bd275898151ab6a) Importer(815301076,1909f56bfc062723c751e8b465ee728b)  -> (artifact id: 'd863759fa789dfa8f3a02c7c94141a0b') in 0.013675 seconds 
  Import took 0.016264 seconds .

========================================================================
Received Import Request.
  Time since last request: 0.000145 seconds.
  path: Assets/PBR Cone Pack/CalibrationScene/ImageEffects/Textures/MotionBlurJitter.png
  artifactKey: Guid(31f5a8611c4ed1245b18456206e798dc) Importer(815301076,1909f56bfc062723c751e8b465ee728b)
Start importing Assets/PBR Cone Pack/CalibrationScene/ImageEffects/Textures/MotionBlurJitter.png using Guid(31f5a8611c4ed1245b18456206e798dc) Importer(815301076,1909f56bfc062723c751e8b465ee728b)  -> (artifact id: 'c65bff215674223561b539cbc628148c') in 0.009288 seconds 
  Import took 0.011733 seconds .

========================================================================
Received Import Request.
  Time since last request: 17.875279 seconds.
  path: Assets/PBR Cone Pack/CalibrationScene/CalibrationScene/Prefabs
  artifactKey: Guid(04f76b0631de44f45a9a1865f046ef70) Importer(815301076,1909f56bfc062723c751e8b465ee728b)
Start importing Assets/PBR Cone Pack/CalibrationScene/CalibrationScene/Prefabs using Guid(04f76b0631de44f45a9a1865f046ef70) Importer(815301076,1909f56bfc062723c751e8b465ee728b)  -> (artifact id: 'a9416cb6233f026bf04192ccbdb73b87') in 0.005541 seconds 
  Import took 0.008104 seconds .

========================================================================
Received Import Request.
  Time since last request: 0.109356 seconds.
  path: Assets/PBR Cone Pack/CalibrationScene/CalibrationScene/Prefabs/CalibrationScales.prefab
  artifactKey: Guid(dc07b2a3ab0f97147ad301272dd22002) Importer(815301076,1909f56bfc062723c751e8b465ee728b)
Start importing Assets/PBR Cone Pack/CalibrationScene/CalibrationScene/Prefabs/CalibrationScales.prefab using Guid(dc07b2a3ab0f97147ad301272dd22002) Importer(815301076,1909f56bfc062723c751e8b465ee728b)  -> (artifact id: 'e5accb25e643c5dbe515489b74b4764c') in 0.014976 seconds 
  Import took 0.017532 seconds .

========================================================================
Received Import Request.
  Time since last request: 0.000175 seconds.
  path: Assets/PBR Cone Pack/CalibrationScene/CalibrationScene/Prefabs/SceneElements.prefab
  artifactKey: Guid(a3244c08ab4d16f45b564401c17e84d4) Importer(815301076,1909f56bfc062723c751e8b465ee728b)
Start importing Assets/PBR Cone Pack/CalibrationScene/CalibrationScene/Prefabs/SceneElements.prefab using Guid(a3244c08ab4d16f45b564401c17e84d4) Importer(815301076,1909f56bfc062723c751e8b465ee728b)  -> (artifact id: 'd62b35bf7ba05e8a26f0a0d8dfa6fbbb') in 0.221865 seconds 
  Import took 0.224697 seconds .

========================================================================
Received Import Request.
  Time since last request: 0.000218 seconds.
  path: Assets/PBR Cone Pack/CalibrationScene/CalibrationScene/Prefabs/SampleSpheres.prefab
  artifactKey: Guid(d7720c2417695eb45bd70f6d10a17068) Importer(815301076,1909f56bfc062723c751e8b465ee728b)
Start importing Assets/PBR Cone Pack/CalibrationScene/CalibrationScene/Prefabs/SampleSpheres.prefab using Guid(d7720c2417695eb45bd70f6d10a17068) Importer(815301076,1909f56bfc062723c751e8b465ee728b)  -> (artifact id: 'c28fdde31be055079523a9557c43d1a0') in 0.017185 seconds 
  Import took 0.019467 seconds .

========================================================================
Received Import Request.
  Time since last request: 0.000167 seconds.
  path: Assets/PBR Cone Pack/CalibrationScene/CalibrationScene/Prefabs/Lights.prefab
  artifactKey: Guid(e11f662626928b14e8f57acb029360b9) Importer(815301076,1909f56bfc062723c751e8b465ee728b)
Start importing Assets/PBR Cone Pack/CalibrationScene/CalibrationScene/Prefabs/Lights.prefab using Guid(e11f662626928b14e8f57acb029360b9) Importer(815301076,1909f56bfc062723c751e8b465ee728b)  -> (artifact id: 'fc86f5edb622e50b085969887f43de83') in 0.006679 seconds 
  Import took 0.009267 seconds .

========================================================================
Received Import Request.
  Time since last request: 0.000176 seconds.
  path: Assets/PBR Cone Pack/CalibrationScene/CalibrationScene/Prefabs/Reflectors.prefab
  artifactKey: Guid(47f0bc7d3981cbe43a3c3db187140234) Importer(815301076,1909f56bfc062723c751e8b465ee728b)
Start importing Assets/PBR Cone Pack/CalibrationScene/CalibrationScene/Prefabs/Reflectors.prefab using Guid(47f0bc7d3981cbe43a3c3db187140234) Importer(815301076,1909f56bfc062723c751e8b465ee728b)  -> (artifact id: 'a14264f69c9308dec7b88fa8bab4bb51') in 0.038104 seconds 
  Import took 0.040517 seconds .

========================================================================
Received Import Request.
  Time since last request: 0.000211 seconds.
  path: Assets/PBR Cone Pack/CalibrationScene/CalibrationScene/Prefabs/SamplePot.prefab
  artifactKey: Guid(242e9fbf6877c2f43890ea25e784d869) Importer(815301076,1909f56bfc062723c751e8b465ee728b)
Start importing Assets/PBR Cone Pack/CalibrationScene/CalibrationScene/Prefabs/SamplePot.prefab using Guid(242e9fbf6877c2f43890ea25e784d869) Importer(815301076,1909f56bfc062723c751e8b465ee728b)  -> (artifact id: '2d6337c313be6448cf2de8ee2642713c') in 0.110104 seconds 
  Import took 0.112564 seconds .

========================================================================
Received Import Request.
  Time since last request: 0.000208 seconds.
  path: Assets/PBR Cone Pack/CalibrationScene/CalibrationScene/Prefabs/ReflectorWindow.prefab
  artifactKey: Guid(5d62de1a1ba9aa34787320181c84381c) Importer(815301076,1909f56bfc062723c751e8b465ee728b)
Start importing Assets/PBR Cone Pack/CalibrationScene/CalibrationScene/Prefabs/ReflectorWindow.prefab using Guid(5d62de1a1ba9aa34787320181c84381c) Importer(815301076,1909f56bfc062723c751e8b465ee728b)  -> (artifact id: 'e90033ce2c1c93e8eb9fed0aba09069e') in 0.023658 seconds 
  Import took 0.025898 seconds .

========================================================================
Received Import Request.
  Time since last request: 0.000202 seconds.
  path: Assets/PBR Cone Pack/CalibrationScene/CalibrationScene/Prefabs/ReflectionProbes.prefab
  artifactKey: Guid(f77fec65cd407fd4681c7d530abedc08) Importer(815301076,1909f56bfc062723c751e8b465ee728b)
Start importing Assets/PBR Cone Pack/CalibrationScene/CalibrationScene/Prefabs/ReflectionProbes.prefab using Guid(f77fec65cd407fd4681c7d530abedc08) Importer(815301076,1909f56bfc062723c751e8b465ee728b)  -> (artifact id: '1e01b0d09985f5029ad558802cb8cc17') in 0.006849 seconds 
  Import took 0.009181 seconds .

========================================================================
Received Import Request.
  Time since last request: 0.000179 seconds.
  path: Assets/PBR Cone Pack/CalibrationScene/CalibrationScene/Prefabs/Cameras.prefab
  artifactKey: Guid(97b34cadc45c6d94abd78dfc533fc3b2) Importer(815301076,1909f56bfc062723c751e8b465ee728b)
Start importing Assets/PBR Cone Pack/CalibrationScene/CalibrationScene/Prefabs/Cameras.prefab using Guid(97b34cadc45c6d94abd78dfc533fc3b2) Importer(815301076,1909f56bfc062723c751e8b465ee728b)  -> (artifact id: '94554a1ca19290debc363988793dea38') in 0.007644 seconds 
  Import took 0.010071 seconds .

========================================================================
Received Import Request.
  Time since last request: 5.857581 seconds.
  path: Assets/PBR Cone Pack/CalibrationScene/CalibrationScene/Model/CalibrationScaleRGB.fbx
  artifactKey: Guid(414b7da4757ec644f99c083c95b9434d) Importer(815301076,1909f56bfc062723c751e8b465ee728b)
Start importing Assets/PBR Cone Pack/CalibrationScene/CalibrationScene/Model/CalibrationScaleRGB.fbx using Guid(414b7da4757ec644f99c083c95b9434d) Importer(815301076,1909f56bfc062723c751e8b465ee728b)  -> (artifact id: 'f0c1540c63efdb9ebd6826dd5e65c46d') in 0.015035 seconds 
  Import took 0.018248 seconds .

========================================================================
Received Import Request.
  Time since last request: 0.000141 seconds.
  path: Assets/PBR Cone Pack/CalibrationScene/CalibrationScene/Model/SamplePot.fbx
  artifactKey: Guid(ca5eceb85768ac841bd2c12921c1cef2) Importer(815301076,1909f56bfc062723c751e8b465ee728b)
Start importing Assets/PBR Cone Pack/CalibrationScene/CalibrationScene/Model/SamplePot.fbx using Guid(ca5eceb85768ac841bd2c12921c1cef2) Importer(815301076,1909f56bfc062723c751e8b465ee728b)  -> (artifact id: '982f0fca000daa175f8387f99f750f74') in 0.057376 seconds 
  Import took 0.059769 seconds .

========================================================================
Received Import Request.
  Time since last request: 1.190377 seconds.
  path: Assets/PBR Cone Pack/CalibrationScene/CalibrationScene/SceneMaterials/CalibrationFloor.mat
  artifactKey: Guid(d681c1d72c3c16149abd2f0f25ca628c) Importer(815301076,1909f56bfc062723c751e8b465ee728b)
Start importing Assets/PBR Cone Pack/CalibrationScene/CalibrationScene/SceneMaterials/CalibrationFloor.mat using Guid(d681c1d72c3c16149abd2f0f25ca628c) Importer(815301076,1909f56bfc062723c751e8b465ee728b)  -> (artifact id: '09ec907b791d3699dfb3eb463d7930b5') in 0.020716 seconds 
  Import took 0.023590 seconds .

========================================================================
Received Import Request.
  Time since last request: 0.000152 seconds.
  path: Assets/PBR Cone Pack/CalibrationScene/CalibrationScene/SceneMaterials/ReflectorWhiteEmissive02.mat
  artifactKey: Guid(3a026a69287d57b4da1fd3747238f028) Importer(815301076,1909f56bfc062723c751e8b465ee728b)
Start importing Assets/PBR Cone Pack/CalibrationScene/CalibrationScene/SceneMaterials/ReflectorWhiteEmissive02.mat using Guid(3a026a69287d57b4da1fd3747238f028) Importer(815301076,1909f56bfc062723c751e8b465ee728b)  -> (artifact id: '1f53968ad1d4f909d663e85ed3894651') in 0.023023 seconds 
  Import took 0.025464 seconds .

========================================================================
Received Import Request.
  Time since last request: 0.000171 seconds.
  path: Assets/PBR Cone Pack/CalibrationScene/CalibrationScene/SceneMaterials/CalibrationGreyscaleDark.mat
  artifactKey: Guid(552450ecb03314e42b43f5e518510ce9) Importer(815301076,1909f56bfc062723c751e8b465ee728b)
Start importing Assets/PBR Cone Pack/CalibrationScene/CalibrationScene/SceneMaterials/CalibrationGreyscaleDark.mat using Guid(552450ecb03314e42b43f5e518510ce9) Importer(815301076,1909f56bfc062723c751e8b465ee728b)  -> (artifact id: 'ffb33a1dc1b50daa773e726892cff23d') in 0.013776 seconds 
  Import took 0.016195 seconds .

========================================================================
Received Import Request.
  Time since last request: 0.000158 seconds.
  path: Assets/PBR Cone Pack/CalibrationScene/CalibrationScene/SceneMaterials/SamplePotLabelDefault.mat
  artifactKey: Guid(21ad813c1c7068148b95e5ad7e778e9a) Importer(815301076,1909f56bfc062723c751e8b465ee728b)
Start importing Assets/PBR Cone Pack/CalibrationScene/CalibrationScene/SceneMaterials/SamplePotLabelDefault.mat using Guid(21ad813c1c7068148b95e5ad7e778e9a) Importer(815301076,1909f56bfc062723c751e8b465ee728b)  -> (artifact id: '4ba4820ae6436412c9758295805e105a') in 0.014203 seconds 
  Import took 0.016741 seconds .

========================================================================
Received Import Request.
  Time since last request: 0.000145 seconds.
  path: Assets/PBR Cone Pack/CalibrationScene/CalibrationScene/SceneMaterials/CalibrationRGBScale.mat
  artifactKey: Guid(9cda93786dd278643a8e5b38a1440c18) Importer(815301076,1909f56bfc062723c751e8b465ee728b)
Start importing Assets/PBR Cone Pack/CalibrationScene/CalibrationScene/SceneMaterials/CalibrationRGBScale.mat using Guid(9cda93786dd278643a8e5b38a1440c18) Importer(815301076,1909f56bfc062723c751e8b465ee728b)  -> (artifact id: 'aa4cae2629aab7d1b140266e9c01b4c2') in 0.013609 seconds 
  Import took 0.016290 seconds .

========================================================================
Received Import Request.
  Time since last request: 0.000145 seconds.
  path: Assets/PBR Cone Pack/CalibrationScene/CalibrationScene/SceneMaterials/SamplePotBodyDefault.mat
  artifactKey: Guid(513be97af77476a4b8cdec635a335baf) Importer(815301076,1909f56bfc062723c751e8b465ee728b)
Start importing Assets/PBR Cone Pack/CalibrationScene/CalibrationScene/SceneMaterials/SamplePotBodyDefault.mat using Guid(513be97af77476a4b8cdec635a335baf) Importer(815301076,1909f56bfc062723c751e8b465ee728b)  -> (artifact id: '962b5de308d9ad1a76233c2ee03a7938') in 0.015536 seconds 
  Import took 0.018137 seconds .

========================================================================
Received Import Request.
  Time since last request: 0.000136 seconds.
  path: Assets/PBR Cone Pack/CalibrationScene/CalibrationScene/SceneMaterials/SamplePotLidLiner.mat
  artifactKey: Guid(ca06f93560796e44488dfacf07f98022) Importer(815301076,1909f56bfc062723c751e8b465ee728b)
Start importing Assets/PBR Cone Pack/CalibrationScene/CalibrationScene/SceneMaterials/SamplePotLidLiner.mat using Guid(ca06f93560796e44488dfacf07f98022) Importer(815301076,1909f56bfc062723c751e8b465ee728b)  -> (artifact id: 'c14a0f71d739d115708f04dd2232222c') in 0.009451 seconds 
  Import took 0.011756 seconds .

========================================================================
Received Import Request.
  Time since last request: 0.000141 seconds.
  path: Assets/PBR Cone Pack/CalibrationScene/CalibrationScene/SceneMaterials/ReflectorWhiteEmissive01.mat
  artifactKey: Guid(4280ad082f45ada4ebcae4ad2f05fb41) Importer(815301076,1909f56bfc062723c751e8b465ee728b)
Start importing Assets/PBR Cone Pack/CalibrationScene/CalibrationScene/SceneMaterials/ReflectorWhiteEmissive01.mat using Guid(4280ad082f45ada4ebcae4ad2f05fb41) Importer(815301076,1909f56bfc062723c751e8b465ee728b)  -> (artifact id: '52cb5010b5982a203988cc19ae32896e') in 0.010805 seconds 
  Import took 0.013162 seconds .

========================================================================
Received Import Request.
  Time since last request: 0.000144 seconds.
  path: Assets/PBR Cone Pack/CalibrationScene/CalibrationScene/SceneMaterials/ReflectorWhiteEmissive03.mat
  artifactKey: Guid(25297285cd9fba842b063de37438b57d) Importer(815301076,1909f56bfc062723c751e8b465ee728b)
Start importing Assets/PBR Cone Pack/CalibrationScene/CalibrationScene/SceneMaterials/ReflectorWhiteEmissive03.mat using Guid(25297285cd9fba842b063de37438b57d) Importer(815301076,1909f56bfc062723c751e8b465ee728b)  -> (artifact id: 'fb10400719b55a11bd6613960abdac40') in 0.010024 seconds 
  Import took 0.012365 seconds .

========================================================================
Received Import Request.
  Time since last request: 0.000161 seconds.
  path: Assets/PBR Cone Pack/CalibrationScene/CalibrationScene/SceneMaterials/SamplePotLidGrey.mat
  artifactKey: Guid(5b8fb31923ca82941b329f956f98ffd6) Importer(815301076,1909f56bfc062723c751e8b465ee728b)
Start importing Assets/PBR Cone Pack/CalibrationScene/CalibrationScene/SceneMaterials/SamplePotLidGrey.mat using Guid(5b8fb31923ca82941b329f956f98ffd6) Importer(815301076,1909f56bfc062723c751e8b465ee728b)  -> (artifact id: '8ae020ecca09405530afe7852b02024d') in 0.012812 seconds 
  Import took 0.015200 seconds .

========================================================================
Received Import Request.
  Time since last request: 0.000139 seconds.
  path: Assets/PBR Cone Pack/CalibrationScene/CalibrationScene/SceneMaterials/CalibrationGreyscaleLight.mat
  artifactKey: Guid(bec9587348cdff54e80d936f27665543) Importer(815301076,1909f56bfc062723c751e8b465ee728b)
Start importing Assets/PBR Cone Pack/CalibrationScene/CalibrationScene/SceneMaterials/CalibrationGreyscaleLight.mat using Guid(bec9587348cdff54e80d936f27665543) Importer(815301076,1909f56bfc062723c751e8b465ee728b)  -> (artifact id: '96951670978ef012327d0414cd0180f4') in 0.011726 seconds 
  Import took 0.014054 seconds .

========================================================================
Received Import Request.
  Time since last request: 1.778228 seconds.
  path: Assets/PBR Cone Pack/CalibrationScene/CalibrationScene/SceneTextures/CailbrationRGBScaleDiffuse.tif
  artifactKey: Guid(4c91c938176a28e44b22f5398fd5184f) Importer(815301076,1909f56bfc062723c751e8b465ee728b)
Start importing Assets/PBR Cone Pack/CalibrationScene/CalibrationScene/SceneTextures/CailbrationRGBScaleDiffuse.tif using Guid(4c91c938176a28e44b22f5398fd5184f) Importer(815301076,1909f56bfc062723c751e8b465ee728b)  -> (artifact id: '15b4a742d81b92f2fb318c3d548cb557') in 0.008556 seconds 
  Import took 0.011131 seconds .

========================================================================
Received Import Request.
  Time since last request: 0.000170 seconds.
  path: Assets/PBR Cone Pack/CalibrationScene/CalibrationScene/SceneTextures/SamplePotLidOcclusion.tif
  artifactKey: Guid(31a7168fca1b7ba4dbf20238423ab565) Importer(815301076,1909f56bfc062723c751e8b465ee728b)
Start importing Assets/PBR Cone Pack/CalibrationScene/CalibrationScene/SceneTextures/SamplePotLidOcclusion.tif using Guid(31a7168fca1b7ba4dbf20238423ab565) Importer(815301076,1909f56bfc062723c751e8b465ee728b)  -> (artifact id: '641507574e15fab21655f437876e553d') in 0.009200 seconds 
  Import took 0.011416 seconds .

========================================================================
Received Import Request.
  Time since last request: 0.000131 seconds.
  path: Assets/PBR Cone Pack/CalibrationScene/CalibrationScene/SceneTextures/CalibrationGreyscaleLightDiffuse.tif
  artifactKey: Guid(52952b9b14c1b484ba49b5f2a2e7ecbb) Importer(815301076,1909f56bfc062723c751e8b465ee728b)
Start importing Assets/PBR Cone Pack/CalibrationScene/CalibrationScene/SceneTextures/CalibrationGreyscaleLightDiffuse.tif using Guid(52952b9b14c1b484ba49b5f2a2e7ecbb) Importer(815301076,1909f56bfc062723c751e8b465ee728b)  -> (artifact id: 'f79485df05f754555a3c7d2b22ee1a57') in 0.008130 seconds 
  Import took 0.010564 seconds .

========================================================================
Received Import Request.
  Time since last request: 0.000205 seconds.
  path: Assets/PBR Cone Pack/CalibrationScene/CalibrationScene/SceneTextures/CalibrationFloorDiffuse.tif
  artifactKey: Guid(ca7ba913502c8bb44a66350131805326) Importer(815301076,1909f56bfc062723c751e8b465ee728b)
Start importing Assets/PBR Cone Pack/CalibrationScene/CalibrationScene/SceneTextures/CalibrationFloorDiffuse.tif using Guid(ca7ba913502c8bb44a66350131805326) Importer(815301076,1909f56bfc062723c751e8b465ee728b)  -> (artifact id: '1511e34405be8c186468c971cd200f7e') in 0.013299 seconds 
  Import took 0.015978 seconds .

========================================================================
Received Import Request.
  Time since last request: 0.000181 seconds.
  path: Assets/PBR Cone Pack/CalibrationScene/CalibrationScene/SceneTextures/SamplePotOcclusion.tif
  artifactKey: Guid(b3dc25610533c0c4eaf642fb5a306aac) Importer(815301076,1909f56bfc062723c751e8b465ee728b)
Start importing Assets/PBR Cone Pack/CalibrationScene/CalibrationScene/SceneTextures/SamplePotOcclusion.tif using Guid(b3dc25610533c0c4eaf642fb5a306aac) Importer(815301076,1909f56bfc062723c751e8b465ee728b)  -> (artifact id: '0565f7e3381e3d56c2af929e9e8fb224') in 0.009789 seconds 
  Import took 0.012315 seconds .

========================================================================
Received Import Request.
  Time since last request: 0.000148 seconds.
  path: Assets/PBR Cone Pack/CalibrationScene/CalibrationScene/SceneTextures/SamplePotLabelDefaultDiffuse.tif
  artifactKey: Guid(f81be78bc1f158d45955e9677bcb06b1) Importer(815301076,1909f56bfc062723c751e8b465ee728b)
Start importing Assets/PBR Cone Pack/CalibrationScene/CalibrationScene/SceneTextures/SamplePotLabelDefaultDiffuse.tif using Guid(f81be78bc1f158d45955e9677bcb06b1) Importer(815301076,1909f56bfc062723c751e8b465ee728b)  -> (artifact id: '1a3ce6802194dd81f94913141f517ab5') in 0.008399 seconds 
  Import took 0.010735 seconds .

========================================================================
Received Import Request.
  Time since last request: 0.000178 seconds.
  path: Assets/PBR Cone Pack/CalibrationScene/CalibrationScene/SceneTextures/SamplePotLidNormals.tif
  artifactKey: Guid(9d3f5dc1b9424b448a183393e38e465e) Importer(815301076,1909f56bfc062723c751e8b465ee728b)
Start importing Assets/PBR Cone Pack/CalibrationScene/CalibrationScene/SceneTextures/SamplePotLidNormals.tif using Guid(9d3f5dc1b9424b448a183393e38e465e) Importer(815301076,1909f56bfc062723c751e8b465ee728b)  -> (artifact id: 'c524330f45c55f310818cc2fbd45d8fb') in 0.011010 seconds 
  Import took 0.013404 seconds .

========================================================================
Received Import Request.
  Time since last request: 0.000179 seconds.
  path: Assets/PBR Cone Pack/CalibrationScene/CalibrationScene/SceneTextures/CalibrationFloorNormals.tif
  artifactKey: Guid(768fa469bdce74c4984c44cbb180b832) Importer(815301076,1909f56bfc062723c751e8b465ee728b)
Start importing Assets/PBR Cone Pack/CalibrationScene/CalibrationScene/SceneTextures/CalibrationFloorNormals.tif using Guid(768fa469bdce74c4984c44cbb180b832) Importer(815301076,1909f56bfc062723c751e8b465ee728b)  -> (artifact id: '8d2477523c81f566058712924b1221db') in 0.009504 seconds 
  Import took 0.011963 seconds .

========================================================================
Received Import Request.
  Time since last request: 0.000129 seconds.
  path: Assets/PBR Cone Pack/CalibrationScene/CalibrationScene/SceneTextures/CalibrationGreyscaleDarkDiffuse.tif
  artifactKey: Guid(7ad58ce2a10b52147bbe1963bd9b40dc) Importer(815301076,1909f56bfc062723c751e8b465ee728b)
Start importing Assets/PBR Cone Pack/CalibrationScene/CalibrationScene/SceneTextures/CalibrationGreyscaleDarkDiffuse.tif using Guid(7ad58ce2a10b52147bbe1963bd9b40dc) Importer(815301076,1909f56bfc062723c751e8b465ee728b)  -> (artifact id: 'f51359eb9ef6b3b46ca6021e682fa818') in 0.008277 seconds 
  Import took 0.010499 seconds .

========================================================================
Received Import Request.
  Time since last request: 0.000177 seconds.
  path: Assets/PBR Cone Pack/CalibrationScene/CalibrationScene/SceneTextures/SamplePotNormals.tif
  artifactKey: Guid(3108cb470c7731a4cb04f40b8ace2113) Importer(815301076,1909f56bfc062723c751e8b465ee728b)
Start importing Assets/PBR Cone Pack/CalibrationScene/CalibrationScene/SceneTextures/SamplePotNormals.tif using Guid(3108cb470c7731a4cb04f40b8ace2113) Importer(815301076,1909f56bfc062723c751e8b465ee728b)  -> (artifact id: '15e6e78d8971c323c9256e02d266888d') in 0.011394 seconds 
  Import took 0.013736 seconds .

========================================================================
Received Import Request.
  Time since last request: 0.000142 seconds.
  path: Assets/PBR Cone Pack/CalibrationScene/CalibrationScene/SceneTextures/CalibrationFloorSpecularGloss.tif
  artifactKey: Guid(6185fa454db669040887c980e20126fe) Importer(815301076,1909f56bfc062723c751e8b465ee728b)
Start importing Assets/PBR Cone Pack/CalibrationScene/CalibrationScene/SceneTextures/CalibrationFloorSpecularGloss.tif using Guid(6185fa454db669040887c980e20126fe) Importer(815301076,1909f56bfc062723c751e8b465ee728b)  -> (artifact id: 'd17e51951bb6c12e8391c7dedb5827b0') in 0.010325 seconds 
  Import took 0.012658 seconds .

========================================================================
Received Import Request.
  Time since last request: 0.000141 seconds.
  path: Assets/PBR Cone Pack/CalibrationScene/CalibrationScene/SceneTextures/SamplePotNormals.tif
  artifactKey: Guid(3108cb470c7731a4cb04f40b8ace2113) Importer(815301076,1909f56bfc062723c751e8b465ee728b)
Start importing Assets/PBR Cone Pack/CalibrationScene/CalibrationScene/SceneTextures/SamplePotNormals.tif using Guid(3108cb470c7731a4cb04f40b8ace2113) Importer(815301076,1909f56bfc062723c751e8b465ee728b)  -> (artifact id: '15e6e78d8971c323c9256e02d266888d') in 0.007497 seconds 
  Import took 0.010033 seconds .

========================================================================
Received Import Request.
  Time since last request: 0.000147 seconds.
  path: Assets/PBR Cone Pack/CalibrationScene/CalibrationScene/SceneTextures/ReflectorSoftboxDiffuse.tif
  artifactKey: Guid(9feb100306c9d084580a05d891522023) Importer(815301076,1909f56bfc062723c751e8b465ee728b)
Start importing Assets/PBR Cone Pack/CalibrationScene/CalibrationScene/SceneTextures/ReflectorSoftboxDiffuse.tif using Guid(9feb100306c9d084580a05d891522023) Importer(815301076,1909f56bfc062723c751e8b465ee728b)  -> (artifact id: 'a2a4bdc63b41d2112f555cab32280b10') in 0.010324 seconds 
  Import took 0.012768 seconds .

========================================================================
Received Import Request.
  Time since last request: 0.000134 seconds.
  path: Assets/PBR Cone Pack/CalibrationScene/CalibrationScene/SceneTextures/DefaultReflection.asset
  artifactKey: Guid(84b2816941be97b45bd453ba41efc3bb) Importer(815301076,1909f56bfc062723c751e8b465ee728b)
Start importing Assets/PBR Cone Pack/CalibrationScene/CalibrationScene/SceneTextures/DefaultReflection.asset using Guid(84b2816941be97b45bd453ba41efc3bb) Importer(815301076,1909f56bfc062723c751e8b465ee728b)  -> (artifact id: '26ab14365d8a4cba745836e658e8cb54') in 0.014799 seconds 
  Import took 0.017071 seconds .

========================================================================
Received Import Request.
  Time since last request: 10.522931 seconds.
  path: Assets/PBR Cone Pack/Materials/Cone_Clean1.mat
  artifactKey: Guid(84ed99a1be5ac2d4caa8ccfdd36fd459) Importer(815301076,1909f56bfc062723c751e8b465ee728b)
Start importing Assets/PBR Cone Pack/Materials/Cone_Clean1.mat using Guid(84ed99a1be5ac2d4caa8ccfdd36fd459) Importer(815301076,1909f56bfc062723c751e8b465ee728b)  -> (artifact id: 'd71a2bd9968bd11605dbecabb5ee10c5') in 0.015579 seconds 
  Import took 0.018271 seconds .

========================================================================
Received Import Request.
  Time since last request: 0.000155 seconds.
  path: Assets/PBR Cone Pack/Materials/Cone_Dirt1.mat
  artifactKey: Guid(80ea6b6c0da8dc14b9ae71f37e29215e) Importer(815301076,1909f56bfc062723c751e8b465ee728b)
Start importing Assets/PBR Cone Pack/Materials/Cone_Dirt1.mat using Guid(80ea6b6c0da8dc14b9ae71f37e29215e) Importer(815301076,1909f56bfc062723c751e8b465ee728b)  -> (artifact id: '8db69e2f736c28479712799562311a70') in 0.016466 seconds 
  Import took 0.018790 seconds .

========================================================================
Received Import Request.
  Time since last request: 0.000141 seconds.
  path: Assets/PBR Cone Pack/Materials/Cone_Dirt2.mat
  artifactKey: Guid(e1d4a2ea97c8c5443a5e40ea730d8410) Importer(815301076,1909f56bfc062723c751e8b465ee728b)
Start importing Assets/PBR Cone Pack/Materials/Cone_Dirt2.mat using Guid(e1d4a2ea97c8c5443a5e40ea730d8410) Importer(815301076,1909f56bfc062723c751e8b465ee728b)  -> (artifact id: '2195e3664eea0ac003eaedbc078a8a63') in 0.016698 seconds 
  Import took 0.018997 seconds .

========================================================================
Received Import Request.
  Time since last request: 0.000133 seconds.
  path: Assets/PBR Cone Pack/Materials/Cone_Clean2.mat
  artifactKey: Guid(4703da23139ae3740bcc5b7d81fbbd71) Importer(815301076,1909f56bfc062723c751e8b465ee728b)
Start importing Assets/PBR Cone Pack/Materials/Cone_Clean2.mat using Guid(4703da23139ae3740bcc5b7d81fbbd71) Importer(815301076,1909f56bfc062723c751e8b465ee728b)  -> (artifact id: '6f69d5a74f55f2de39c6a5c66471cb89') in 0.013572 seconds 
  Import took 0.015863 seconds .

========================================================================
Received Import Request.
  Time since last request: 79.856094 seconds.
  path: Assets/PBR Cone Pack/Textures/Cone_O.png
  artifactKey: Guid(01710cb611d7bc44988be854b7ec4960) Importer(815301076,1909f56bfc062723c751e8b465ee728b)
Start importing Assets/PBR Cone Pack/Textures/Cone_O.png using Guid(01710cb611d7bc44988be854b7ec4960) Importer(815301076,1909f56bfc062723c751e8b465ee728b)  -> (artifact id: 'e2bf864047e9fe8971b9d609eb011aad') in 0.011837 seconds 
  Import took 0.014405 seconds .

========================================================================
Received Import Request.
  Time since last request: 1.133526 seconds.
  path: Assets/PBR Cone Pack/Textures/Clean 2
  artifactKey: Guid(5cf898ec083929642b22574c23cde371) Importer(815301076,1909f56bfc062723c751e8b465ee728b)
Start importing Assets/PBR Cone Pack/Textures/Clean 2 using Guid(5cf898ec083929642b22574c23cde371) Importer(815301076,1909f56bfc062723c751e8b465ee728b)  -> (artifact id: 'be98274031a797cc849817ad4cdd6459') in 0.004974 seconds 
  Import took 0.007344 seconds .

========================================================================
Received Import Request.
  Time since last request: 1.468125 seconds.
  path: Assets/PBR Cone Pack/Textures/Clean 1
  artifactKey: Guid(95f5c664aeb96554cb11b4cdd84505ce) Importer(815301076,1909f56bfc062723c751e8b465ee728b)
Start importing Assets/PBR Cone Pack/Textures/Clean 1 using Guid(95f5c664aeb96554cb11b4cdd84505ce) Importer(815301076,1909f56bfc062723c751e8b465ee728b)  -> (artifact id: 'e00a723f21901267894c87d10088c42f') in 0.005220 seconds 
  Import took 0.007577 seconds .

========================================================================
Received Prepare
Registering precompiled user dll's ...
Registered in 0.003020 seconds.
Begin MonoManager ReloadAssembly
Native extension for WindowsStandalone target not found
Refreshing native plugins compatible for Editor in 0.34 ms, found 2 plugins.
Preloading 0 native plugins for Editor in 0.00 ms.
Mono: successfully reloaded assembly
- Completed reload, in  0.845 seconds
Domain Reload Profiling:
	ReloadAssembly (846ms)
		BeginReloadAssembly (107ms)
			ExecutionOrderSort (0ms)
			DisableScriptedObjects (4ms)
			BackupInstance (0ms)
			ReleaseScriptingObjects (0ms)
			CreateAndSetChildDomain (28ms)
		EndReloadAssembly (680ms)
			LoadAssemblies (81ms)
			RebuildTransferFunctionScriptingTraits (0ms)
			SetupTypeCache (238ms)
			ReleaseScriptCaches (1ms)
			RebuildScriptCaches (33ms)
			SetupLoadedEditorAssemblies (246ms)
				LogAssemblyErrors (0ms)
				InitializePlatformSupportModulesInManaged (5ms)
				SetLoadedEditorAssemblies (0ms)
				RefreshPlugins (0ms)
				BeforeProcessingInitializeOnLoad (64ms)
				ProcessInitializeOnLoadAttributes (167ms)
				ProcessInitializeOnLoadMethodAttributes (3ms)
				AfterProcessingInitializeOnLoad (7ms)
				EditorAssembliesLoaded (0ms)
			ExecutionOrderSort2 (0ms)
			AwakeInstancesAfterBackupRestoration (6ms)
Platform modules already initialized, skipping
Refreshing native plugins compatible for Editor in 0.33 ms, found 2 plugins.
Preloading 0 native plugins for Editor in 0.00 ms.
Unloading 1396 Unused Serialized files (Serialized files now loaded: 0)
System memory in use before: 77.9 MB.
System memory in use after: 78.0 MB.

Unloading 51 unused Assets to reduce memory usage. Loaded Objects now: 1983.
Total: 2.384400 ms (FindLiveObjects: 0.147300 ms CreateObjectMapping: 0.049800 ms MarkObjects: 2.153600 ms  DeleteObjects: 0.032800 ms)

AssetImportParameters requested are different than current active one (requested -> active):
  custom:framework-win-MediaFoundation: 216162199b28c13a410421893ffa2e32 -> 
  custom:video-decoder-ogg-theora: a1e56fd34408186e4bbccfd4996cb3dc -> 
  custom:container-muxer-webm: aa71ff27fc2769a1b78a27578f13a17b -> 
  custom:container-demuxer-webm: 4f35f7cbe854078d1ac9338744f61a02 -> 
  custom:container-demuxer-ogg: 62fdf1f143b41e24485cea50d1cbac27 -> 
  custom:video-encoder-webm-vp8: eb34c28f22e8b96e1ab97ce403110664 -> 
  custom:video-decoder-webm-vp8: 9c59270c3fd7afecdb556c50c9e8de78 -> 
  custom:audio-decoder-ogg-vorbis: bf7c407c2cedff20999df2af8eb42d56 -> 
  custom:audio-encoder-webm-vorbis: bf7c407c2cedff20999df2af8eb42d56 -> 
========================================================================
Received Import Request.
  Time since last request: 133.437646 seconds.
  path: Assets/obstacle1.prefab
  artifactKey: Guid(9f510f85373f67f449ed078b8bf2f329) Importer(815301076,1909f56bfc062723c751e8b465ee728b)
Start importing Assets/obstacle1.prefab using Guid(9f510f85373f67f449ed078b8bf2f329) Importer(815301076,1909f56bfc062723c751e8b465ee728b)  -> (artifact id: '48a713e3620bae67c8f7a472c14bcd1d') in 0.056684 seconds 
  Import took 0.059189 seconds .

========================================================================
Received Import Request.
  Time since last request: 125.353706 seconds.
  path: Assets/obstacle1.prefab
  artifactKey: Guid(9f510f85373f67f449ed078b8bf2f329) Importer(815301076,1909f56bfc062723c751e8b465ee728b)
Start importing Assets/obstacle1.prefab using Guid(9f510f85373f67f449ed078b8bf2f329) Importer(815301076,1909f56bfc062723c751e8b465ee728b)  -> (artifact id: '7a330e23cdcf084ddf960557876d61d1') in 0.014834 seconds 
  Import took 0.017682 seconds .

========================================================================
Received Prepare
Registering precompiled user dll's ...
Registered in 0.003053 seconds.
Begin MonoManager ReloadAssembly
Native extension for WindowsStandalone target not found
Refreshing native plugins compatible for Editor in 0.33 ms, found 2 plugins.
Preloading 0 native plugins for Editor in 0.00 ms.
Mono: successfully reloaded assembly
- Completed reload, in  0.841 seconds
Domain Reload Profiling:
	ReloadAssembly (841ms)
		BeginReloadAssembly (106ms)
			ExecutionOrderSort (0ms)
			DisableScriptedObjects (4ms)
			BackupInstance (0ms)
			ReleaseScriptingObjects (0ms)
			CreateAndSetChildDomain (28ms)
		EndReloadAssembly (679ms)
			LoadAssemblies (81ms)
			RebuildTransferFunctionScriptingTraits (0ms)
			SetupTypeCache (233ms)
			ReleaseScriptCaches (1ms)
			RebuildScriptCaches (33ms)
			SetupLoadedEditorAssemblies (249ms)
				LogAssemblyErrors (0ms)
				InitializePlatformSupportModulesInManaged (4ms)
				SetLoadedEditorAssemblies (0ms)
				RefreshPlugins (0ms)
				BeforeProcessingInitializeOnLoad (63ms)
				ProcessInitializeOnLoadAttributes (170ms)
				ProcessInitializeOnLoadMethodAttributes (4ms)
				AfterProcessingInitializeOnLoad (7ms)
				EditorAssembliesLoaded (0ms)
			ExecutionOrderSort2 (0ms)
			AwakeInstancesAfterBackupRestoration (6ms)
Platform modules already initialized, skipping
Refreshing native plugins compatible for Editor in 0.34 ms, found 2 plugins.
Preloading 0 native plugins for Editor in 0.00 ms.
Unloading 1396 Unused Serialized files (Serialized files now loaded: 0)
System memory in use before: 77.8 MB.
System memory in use after: 77.9 MB.

Unloading 12 unused Assets to reduce memory usage. Loaded Objects now: 1986.
Total: 2.407600 ms (FindLiveObjects: 0.150600 ms CreateObjectMapping: 0.056400 ms MarkObjects: 2.183800 ms  DeleteObjects: 0.015900 ms)

AssetImportParameters requested are different than current active one (requested -> active):
  custom:framework-win-MediaFoundation: 216162199b28c13a410421893ffa2e32 -> 
  custom:video-decoder-ogg-theora: a1e56fd34408186e4bbccfd4996cb3dc -> 
  custom:container-muxer-webm: aa71ff27fc2769a1b78a27578f13a17b -> 
  custom:container-demuxer-webm: 4f35f7cbe854078d1ac9338744f61a02 -> 
  custom:container-demuxer-ogg: 62fdf1f143b41e24485cea50d1cbac27 -> 
  custom:video-encoder-webm-vp8: eb34c28f22e8b96e1ab97ce403110664 -> 
  custom:video-decoder-webm-vp8: 9c59270c3fd7afecdb556c50c9e8de78 -> 
  custom:audio-decoder-ogg-vorbis: bf7c407c2cedff20999df2af8eb42d56 -> 
  custom:audio-encoder-webm-vorbis: bf7c407c2cedff20999df2af8eb42d56 -> 
========================================================================
Received Import Request.
  Time since last request: 10.262552 seconds.
  path: Assets/obstacle2.prefab
  artifactKey: Guid(c1099cd64d3ceab4fb5bf658ca5b320c) Importer(815301076,1909f56bfc062723c751e8b465ee728b)
Start importing Assets/obstacle2.prefab using Guid(c1099cd64d3ceab4fb5bf658ca5b320c) Importer(815301076,1909f56bfc062723c751e8b465ee728b)  -> (artifact id: '2097def8236d81ff4eb2129840e2c4e3') in 0.058502 seconds 
  Import took 0.061144 seconds .

========================================================================
Received Import Request.
  Time since last request: 5.798463 seconds.
  path: Assets/obstacle2.prefab
  artifactKey: Guid(c1099cd64d3ceab4fb5bf658ca5b320c) Importer(815301076,1909f56bfc062723c751e8b465ee728b)
Start importing Assets/obstacle2.prefab using Guid(c1099cd64d3ceab4fb5bf658ca5b320c) Importer(815301076,1909f56bfc062723c751e8b465ee728b)  -> (artifact id: '12824bf3652c77c19bb0cdaea2c2b5e5') in 0.013529 seconds 
  Import took 0.016785 seconds .

========================================================================
Received Import Request.
  Time since last request: 0.188798 seconds.
  path: Assets/obstacle2.prefab
  artifactKey: Guid(c1099cd64d3ceab4fb5bf658ca5b320c) Importer(815301076,1909f56bfc062723c751e8b465ee728b)
Start importing Assets/obstacle2.prefab using Guid(c1099cd64d3ceab4fb5bf658ca5b320c) Importer(815301076,1909f56bfc062723c751e8b465ee728b)  -> (artifact id: 'a4935386238a17468f109146fdad2c23') in 0.010375 seconds 
  Import took 0.012973 seconds .

========================================================================
Received Import Request.
  Time since last request: 4.013924 seconds.
  path: Assets/obstacle2.prefab
  artifactKey: Guid(c1099cd64d3ceab4fb5bf658ca5b320c) Importer(815301076,1909f56bfc062723c751e8b465ee728b)
Start importing Assets/obstacle2.prefab using Guid(c1099cd64d3ceab4fb5bf658ca5b320c) Importer(815301076,1909f56bfc062723c751e8b465ee728b)  -> (artifact id: 'a88008965667c5339d78f071789720ea') in 0.013687 seconds 
  Import took 0.016218 seconds .

========================================================================
Received Import Request.
  Time since last request: 0.989227 seconds.
  path: Assets/obstacle2.prefab
  artifactKey: Guid(c1099cd64d3ceab4fb5bf658ca5b320c) Importer(815301076,1909f56bfc062723c751e8b465ee728b)
Start importing Assets/obstacle2.prefab using Guid(c1099cd64d3ceab4fb5bf658ca5b320c) Importer(815301076,1909f56bfc062723c751e8b465ee728b)  -> (artifact id: '133669cc9338aa3227174ae78e351f0e') in 0.011307 seconds 
  Import took 0.013820 seconds .

========================================================================
Received Import Request.
  Time since last request: 1.604340 seconds.
  path: Assets/obstacle2.prefab
  artifactKey: Guid(c1099cd64d3ceab4fb5bf658ca5b320c) Importer(815301076,1909f56bfc062723c751e8b465ee728b)
Start importing Assets/obstacle2.prefab using Guid(c1099cd64d3ceab4fb5bf658ca5b320c) Importer(815301076,1909f56bfc062723c751e8b465ee728b)  -> (artifact id: 'e665c0747a4e80d90309d0cc43a18573') in 0.010423 seconds 
  Import took 0.013065 seconds .

========================================================================
Received Prepare
Registering precompiled user dll's ...
Registered in 0.004762 seconds.
Begin MonoManager ReloadAssembly
Native extension for WindowsStandalone target not found
Refreshing native plugins compatible for Editor in 0.39 ms, found 2 plugins.
Preloading 0 native plugins for Editor in 0.00 ms.
Mono: successfully reloaded assembly
- Completed reload, in  1.490 seconds
Domain Reload Profiling:
	ReloadAssembly (1491ms)
		BeginReloadAssembly (277ms)
			ExecutionOrderSort (0ms)
			DisableScriptedObjects (9ms)
			BackupInstance (0ms)
			ReleaseScriptingObjects (0ms)
			CreateAndSetChildDomain (70ms)
		EndReloadAssembly (1105ms)
			LoadAssemblies (214ms)
			RebuildTransferFunctionScriptingTraits (0ms)
			SetupTypeCache (387ms)
			ReleaseScriptCaches (7ms)
			RebuildScriptCaches (109ms)
			SetupLoadedEditorAssemblies (299ms)
				LogAssemblyErrors (0ms)
				InitializePlatformSupportModulesInManaged (7ms)
				SetLoadedEditorAssemblies (1ms)
				RefreshPlugins (1ms)
				BeforeProcessingInitializeOnLoad (81ms)
				ProcessInitializeOnLoadAttributes (192ms)
				ProcessInitializeOnLoadMethodAttributes (4ms)
				AfterProcessingInitializeOnLoad (13ms)
				EditorAssembliesLoaded (0ms)
			ExecutionOrderSort2 (0ms)
			AwakeInstancesAfterBackupRestoration (7ms)
Platform modules already initialized, skipping
Refreshing native plugins compatible for Editor in 0.57 ms, found 2 plugins.
Preloading 0 native plugins for Editor in 0.00 ms.
Unloading 1396 Unused Serialized files (Serialized files now loaded: 0)
System memory in use before: 77.9 MB.
System memory in use after: 78.0 MB.

Unloading 12 unused Assets to reduce memory usage. Loaded Objects now: 1989.
Total: 3.291500 ms (FindLiveObjects: 0.239500 ms CreateObjectMapping: 0.094400 ms MarkObjects: 2.937800 ms  DeleteObjects: 0.018900 ms)

AssetImportParameters requested are different than current active one (requested -> active):
  custom:framework-win-MediaFoundation: 216162199b28c13a410421893ffa2e32 -> 
  custom:video-decoder-ogg-theora: a1e56fd34408186e4bbccfd4996cb3dc -> 
  custom:container-muxer-webm: aa71ff27fc2769a1b78a27578f13a17b -> 
  custom:container-demuxer-webm: 4f35f7cbe854078d1ac9338744f61a02 -> 
  custom:container-demuxer-ogg: 62fdf1f143b41e24485cea50d1cbac27 -> 
  custom:video-encoder-webm-vp8: eb34c28f22e8b96e1ab97ce403110664 -> 
  custom:video-decoder-webm-vp8: 9c59270c3fd7afecdb556c50c9e8de78 -> 
  custom:audio-decoder-ogg-vorbis: bf7c407c2cedff20999df2af8eb42d56 -> 
  custom:audio-encoder-webm-vorbis: bf7c407c2cedff20999df2af8eb42d56 -> 
========================================================================
Received Import Request.
  Time since last request: 233.075641 seconds.
  path: Assets/Scenes/New Scene.unity
  artifactKey: Guid(514533a607170f647b6c99f8bd45cbb5) Importer(815301076,1909f56bfc062723c751e8b465ee728b)
Start importing Assets/Scenes/New Scene.unity using Guid(514533a607170f647b6c99f8bd45cbb5) Importer(815301076,1909f56bfc062723c751e8b465ee728b)  -> (artifact id: '47cb119e0cb3e0cd775722748cec1460') in 0.014675 seconds 
  Import took 0.017190 seconds .

========================================================================
Received Import Request.
  Time since last request: 104.185689 seconds.
  path: Assets/Scenes/Game Over.unity
  artifactKey: Guid(ef31841f491864c49b87ca0deb1fe0f5) Importer(815301076,1909f56bfc062723c751e8b465ee728b)
Start importing Assets/Scenes/Game Over.unity using Guid(ef31841f491864c49b87ca0deb1fe0f5) Importer(815301076,1909f56bfc062723c751e8b465ee728b)  -> (artifact id: '8543c57ae33c56e308f4a890f0264b8c') in 0.005701 seconds 
  Import took 0.008674 seconds .

========================================================================
Received Import Request.
  Time since last request: 40.223626 seconds.
  path: Assets/Scenes/Driving Scene.unity
  artifactKey: Guid(514533a607170f647b6c99f8bd45cbb5) Importer(815301076,1909f56bfc062723c751e8b465ee728b)
Start importing Assets/Scenes/Driving Scene.unity using Guid(514533a607170f647b6c99f8bd45cbb5) Importer(815301076,1909f56bfc062723c751e8b465ee728b)  -> (artifact id: '7f43b391e5bc70ee2acd9884d992fb8a') in 0.005611 seconds 
  Import took 0.008096 seconds .

========================================================================
Received Import Request.
  Time since last request: 138.089518 seconds.
  path: Assets/New SceneTemplate.scenetemplate
  artifactKey: Guid(d1e5f037d1580844a885ea311eade2c2) Importer(815301076,1909f56bfc062723c751e8b465ee728b)
Start importing Assets/New SceneTemplate.scenetemplate using Guid(d1e5f037d1580844a885ea311eade2c2) Importer(815301076,1909f56bfc062723c751e8b465ee728b)  -> (artifact id: '8fafea40eb82ce96edda3de23ce22895') in 0.018373 seconds 
  Import took 0.021073 seconds .

========================================================================
Received Prepare
Registering precompiled user dll's ...
Registered in 0.020708 seconds.
Begin MonoManager ReloadAssembly
Native extension for WindowsStandalone target not found
Refreshing native plugins compatible for Editor in 0.33 ms, found 2 plugins.
Preloading 0 native plugins for Editor in 0.00 ms.
Mono: successfully reloaded assembly
- Completed reload, in  0.853 seconds
Domain Reload Profiling:
	ReloadAssembly (853ms)
		BeginReloadAssembly (108ms)
			ExecutionOrderSort (0ms)
			DisableScriptedObjects (5ms)
			BackupInstance (0ms)
			ReleaseScriptingObjects (0ms)
			CreateAndSetChildDomain (28ms)
		EndReloadAssembly (685ms)
			LoadAssemblies (85ms)
			RebuildTransferFunctionScriptingTraits (0ms)
			SetupTypeCache (239ms)
			ReleaseScriptCaches (1ms)
			RebuildScriptCaches (34ms)
			SetupLoadedEditorAssemblies (246ms)
				LogAssemblyErrors (0ms)
				InitializePlatformSupportModulesInManaged (4ms)
				SetLoadedEditorAssemblies (0ms)
				RefreshPlugins (0ms)
				BeforeProcessingInitializeOnLoad (64ms)
				ProcessInitializeOnLoadAttributes (166ms)
				ProcessInitializeOnLoadMethodAttributes (3ms)
				AfterProcessingInitializeOnLoad (7ms)
				EditorAssembliesLoaded (0ms)
			ExecutionOrderSort2 (0ms)
			AwakeInstancesAfterBackupRestoration (6ms)
Platform modules already initialized, skipping
Refreshing native plugins compatible for Editor in 0.36 ms, found 2 plugins.
Preloading 0 native plugins for Editor in 0.00 ms.
Unloading 1396 Unused Serialized files (Serialized files now loaded: 0)
System memory in use before: 77.9 MB.
System memory in use after: 78.0 MB.

Unloading 11 unused Assets to reduce memory usage. Loaded Objects now: 1991.
Total: 2.720000 ms (FindLiveObjects: 0.154500 ms CreateObjectMapping: 0.057300 ms MarkObjects: 2.493600 ms  DeleteObjects: 0.013800 ms)

AssetImportParameters requested are different than current active one (requested -> active):
  custom:framework-win-MediaFoundation: 216162199b28c13a410421893ffa2e32 -> 
  custom:video-decoder-ogg-theora: a1e56fd34408186e4bbccfd4996cb3dc -> 
  custom:container-muxer-webm: aa71ff27fc2769a1b78a27578f13a17b -> 
  custom:container-demuxer-webm: 4f35f7cbe854078d1ac9338744f61a02 -> 
  custom:container-demuxer-ogg: 62fdf1f143b41e24485cea50d1cbac27 -> 
  custom:video-encoder-webm-vp8: eb34c28f22e8b96e1ab97ce403110664 -> 
  custom:video-decoder-webm-vp8: 9c59270c3fd7afecdb556c50c9e8de78 -> 
  custom:audio-decoder-ogg-vorbis: bf7c407c2cedff20999df2af8eb42d56 -> 
  custom:audio-encoder-webm-vorbis: bf7c407c2cedff20999df2af8eb42d56 -> 
AssetImportWorkerClient::OnTransportError - code=2 error=End of file
